<?xml version="1.0" encoding="utf-8"?>
<CoverageSession>
  <Summary numSequencePoints="613" visitedSequencePoints="501" numBranchPoints="104" visitedBranchPoints="57" sequenceCoverage="81.72" branchCoverage="54.8" maxCyclomaticComplexity="194" minCyclomaticComplexity="194" visitedClasses="19" numClasses="22" visitedMethods="95" numMethods="112" />
  <Modules>
    <Module hash="D85A8FD9-CA7B-4EF2-A3CF-7F85B63A9386">
      <ModulePath>HealthAxis.dll</ModulePath>
      <ModuleTime>2026-06-01T10:39:43</ModuleTime>
      <ModuleName>HealthAxis</ModuleName>
      <Files>
        <File uid="1" fullPath="C:\Users\310054\source\repos\HealthAxis\HealthAxis\Service\Implementation\AppointmentService.cs" />
        <File uid="2" fullPath="C:\Users\310054\source\repos\HealthAxis\HealthAxis\Service\Implementation\DoctorService.cs" />
        <File uid="3" fullPath="C:\Users\310054\source\repos\HealthAxis\HealthAxis\Service\Implementation\HealthRecordService.cs" />
        <File uid="4" fullPath="C:\Users\310054\source\repos\HealthAxis\HealthAxis\Service\Implementation\PatientService.cs" />
        <File uid="5" fullPath="C:\Users\310054\source\repos\HealthAxis\HealthAxis\Repository\Implementation\AppointmentRepository.cs" />
        <File uid="6" fullPath="C:\Users\310054\source\repos\HealthAxis\HealthAxis\Repository\Implementation\DoctorRepository.cs" />
        <File uid="7" fullPath="C:\Users\310054\source\repos\HealthAxis\HealthAxis\Repository\Implementation\HealthRecordRepository.cs" />
        <File uid="8" fullPath="C:\Users\310054\source\repos\HealthAxis\HealthAxis\Repository\Implementation\PatientRepository.cs" />
        <File uid="9" fullPath="C:\Users\310054\source\repos\HealthAxis\HealthAxis\Models\Appointment.cs" />
        <File uid="10" fullPath="C:\Users\310054\source\repos\HealthAxis\HealthAxis\Models\Doctor.cs" />
        <File uid="11" fullPath="C:\Users\310054\source\repos\HealthAxis\HealthAxis\Models\HealthRecord.cs" />
        <File uid="12" fullPath="C:\Users\310054\source\repos\HealthAxis\HealthAxis\Models\Patient.cs" />
        <File uid="13" fullPath="C:\Users\310054\source\repos\HealthAxis\HealthAxis\Exceptions\AppointmentConflictException.cs" />
        <File uid="14" fullPath="C:\Users\310054\source\repos\HealthAxis\HealthAxis\Exceptions\AppointmentNotFoundException.cs" />
        <File uid="15" fullPath="C:\Users\310054\source\repos\HealthAxis\HealthAxis\Exceptions\DoctorNotFoundException.cs" />
        <File uid="16" fullPath="C:\Users\310054\source\repos\HealthAxis\HealthAxis\Exceptions\DoctorUnavailableException.cs" />
        <File uid="17" fullPath="C:\Users\310054\source\repos\HealthAxis\HealthAxis\Exceptions\HealthRecordNotFoundException.cs" />
        <File uid="18" fullPath="C:\Users\310054\source\repos\HealthAxis\HealthAxis\Exceptions\InvalidHealthRecordException.cs" />
        <File uid="19" fullPath="C:\Users\310054\source\repos\HealthAxis\HealthAxis\Exceptions\InvalidSpecialisationException.cs" />
        <File uid="20" fullPath="C:\Users\310054\source\repos\HealthAxis\HealthAxis\Exceptions\PastDateException.cs" />
        <File uid="21" fullPath="C:\Users\310054\source\repos\HealthAxis\HealthAxis\Exceptions\PatientNotFoundException.cs" />
        <File uid="22" fullPath="C:\Users\310054\source\repos\HealthAxis\HealthAxis\Data\Database.cs" />
      </Files>
      <Classes>
        <Class>
          <Summary numSequencePoints="76" visitedSequencePoints="57" numBranchPoints="22" visitedBranchPoints="16" sequenceCoverage="75" branchCoverage="72.72" maxCyclomaticComplexity="18" minCyclomaticComplexity="1" visitedClasses="1" numClasses="1" visitedMethods="6" numMethods="8" />
          <FullName>HealthAxis.Service.Implementation.AppointmentService</FullName>
          <Methods>
            <Method cyclomaticComplexity="18" nPathComplexity="18" sequenceCoverage="73.8" branchCoverage="72.22" isConstructor="True" isGetter="False" isSetter="False" isStatic="True">
              <Summary numSequencePoints="42" visitedSequencePoints="31" numBranchPoints="18" visitedBranchPoints="13" sequenceCoverage="73.8" branchCoverage="72.22" maxCyclomaticComplexity="18" minCyclomaticComplexity="18" visitedClasses="0" numClasses="0" visitedMethods="1" numMethods="1" />
              <MetadataToken />
              <Name>HealthAxis.Models.Appointment HealthAxis.Service.Implementation.AppointmentService::BookAppointment(HealthAxis.Models.Patient,HealthAxis.Models.Doctor,System.DateTime)</Name>
              <FileRef uid="1" />
              <SequencePoints>
                <SequencePoint vc="7" uspid="21" ordinal="0" sl="21" sc="1" el="21" ec="2" bec="0" bev="0" fileid="1" />
                <SequencePoint vc="7" uspid="22" ordinal="1" sl="22" sc="1" el="22" ec="2" bec="2" bev="1" fileid="1" />
                <SequencePoint vc="0" uspid="23" ordinal="2" sl="23" sc="1" el="23" ec="2" bec="0" bev="0" fileid="1" />
                <SequencePoint vc="0" uspid="24" ordinal="3" sl="24" sc="1" el="24" ec="2" bec="0" bev="0" fileid="1" />
                <SequencePoint vc="7" uspid="27" ordinal="4" sl="27" sc="1" el="27" ec="2" bec="2" bev="1" fileid="1" />
                <SequencePoint vc="0" uspid="28" ordinal="5" sl="28" sc="1" el="28" ec="2" bec="0" bev="0" fileid="1" />
                <SequencePoint vc="0" uspid="29" ordinal="6" sl="29" sc="1" el="29" ec="2" bec="0" bev="0" fileid="1" />
                <SequencePoint vc="7" uspid="32" ordinal="7" sl="32" sc="1" el="32" ec="2" bec="2" bev="2" fileid="1" />
                <SequencePoint vc="1" uspid="33" ordinal="8" sl="33" sc="1" el="33" ec="2" bec="0" bev="0" fileid="1" />
                <SequencePoint vc="1" uspid="34" ordinal="9" sl="34" sc="1" el="34" ec="2" bec="0" bev="0" fileid="1" />
                <SequencePoint vc="6" uspid="36" ordinal="10" sl="36" sc="1" el="36" ec="2" bec="2" bev="1" fileid="1" />
                <SequencePoint vc="0" uspid="37" ordinal="11" sl="37" sc="1" el="37" ec="2" bec="0" bev="0" fileid="1" />
                <SequencePoint vc="0" uspid="38" ordinal="12" sl="38" sc="1" el="38" ec="2" bec="0" bev="0" fileid="1" />
                <SequencePoint vc="6" uspid="41" ordinal="13" sl="41" sc="1" el="41" ec="2" bec="2" bev="2" fileid="1" />
                <SequencePoint vc="1" uspid="42" ordinal="14" sl="42" sc="1" el="42" ec="2" bec="0" bev="0" fileid="1" />
                <SequencePoint vc="1" uspid="43" ordinal="15" sl="43" sc="1" el="43" ec="2" bec="0" bev="0" fileid="1" />
                <SequencePoint vc="5" uspid="47" ordinal="16" sl="47" sc="1" el="47" ec="2" bec="0" bev="0" fileid="1" />
                <SequencePoint vc="8" uspid="48" ordinal="17" sl="48" sc="1" el="48" ec="2" bec="0" bev="0" fileid="1" />
                <SequencePoint vc="5" uspid="50" ordinal="18" sl="50" sc="1" el="50" ec="2" bec="2" bev="2" fileid="1" />
                <SequencePoint vc="3" uspid="51" ordinal="19" sl="51" sc="1" el="51" ec="2" bec="0" bev="0" fileid="1" />
                <SequencePoint vc="3" uspid="52" ordinal="20" sl="52" sc="1" el="52" ec="2" bec="0" bev="0" fileid="1" />
                <SequencePoint vc="2" uspid="55" ordinal="21" sl="55" sc="1" el="55" ec="2" bec="0" bev="0" fileid="1" />
                <SequencePoint vc="2" uspid="57" ordinal="22" sl="57" sc="1" el="57" ec="2" bec="2" bev="1" fileid="1" />
                <SequencePoint vc="0" uspid="58" ordinal="23" sl="58" sc="1" el="58" ec="2" bec="0" bev="0" fileid="1" />
                <SequencePoint vc="0" uspid="59" ordinal="24" sl="59" sc="1" el="59" ec="2" bec="0" bev="0" fileid="1" />
                <SequencePoint vc="0" uspid="60" ordinal="25" sl="60" sc="1" el="60" ec="2" bec="0" bev="0" fileid="1" />
                <SequencePoint vc="2" uspid="62" ordinal="26" sl="62" sc="1" el="62" ec="2" bec="2" bev="1" fileid="1" />
                <SequencePoint vc="0" uspid="63" ordinal="27" sl="63" sc="1" el="63" ec="2" bec="0" bev="0" fileid="1" />
                <SequencePoint vc="0" uspid="64" ordinal="28" sl="64" sc="1" el="64" ec="2" bec="0" bev="0" fileid="1" />
                <SequencePoint vc="2" uspid="66" ordinal="29" sl="66" sc="1" el="66" ec="2" bec="2" bev="2" fileid="1" />
                <SequencePoint vc="1" uspid="67" ordinal="30" sl="67" sc="1" el="67" ec="2" bec="0" bev="0" fileid="1" />
                <SequencePoint vc="1" uspid="68" ordinal="31" sl="68" sc="1" el="68" ec="2" bec="0" bev="0" fileid="1" />
                <SequencePoint vc="1" uspid="71" ordinal="32" sl="71" sc="1" el="71" ec="2" bec="0" bev="0" fileid="1" />
                <SequencePoint vc="1" uspid="72" ordinal="33" sl="72" sc="1" el="72" ec="2" bec="0" bev="0" fileid="1" />
                <SequencePoint vc="1" uspid="73" ordinal="34" sl="73" sc="1" el="73" ec="2" bec="0" bev="0" fileid="1" />
                <SequencePoint vc="1" uspid="74" ordinal="35" sl="74" sc="1" el="74" ec="2" bec="0" bev="0" fileid="1" />
                <SequencePoint vc="1" uspid="75" ordinal="36" sl="75" sc="1" el="75" ec="2" bec="0" bev="0" fileid="1" />
                <SequencePoint vc="1" uspid="76" ordinal="37" sl="76" sc="1" el="76" ec="2" bec="0" bev="0" fileid="1" />
                <SequencePoint vc="1" uspid="77" ordinal="38" sl="77" sc="1" el="77" ec="2" bec="0" bev="0" fileid="1" />
                <SequencePoint vc="1" uspid="78" ordinal="39" sl="78" sc="1" el="78" ec="2" bec="0" bev="0" fileid="1" />
                <SequencePoint vc="1" uspid="79" ordinal="40" sl="79" sc="1" el="79" ec="2" bec="0" bev="0" fileid="1" />
                <SequencePoint vc="1" uspid="80" ordinal="41" sl="80" sc="1" el="80" ec="2" bec="0" bev="0" fileid="1" />
              </SequencePoints>
              <BranchPoints>
                <BranchPoint vc="0" uspid="22" ordinal="0" path="0" offset="22" offsetend="24" sl="22" fileid="1" />
                <BranchPoint vc="7" uspid="22" ordinal="1" path="1" offset="22" offsetend="36" sl="22" fileid="1" />
                <BranchPoint vc="0" uspid="27" ordinal="2" path="0" offset="49" offsetend="51" sl="27" fileid="1" />
                <BranchPoint vc="7" uspid="27" ordinal="3" path="1" offset="49" offsetend="63" sl="27" fileid="1" />
                <BranchPoint vc="1" uspid="32" ordinal="4" path="0" offset="84" offsetend="86" sl="32" fileid="1" />
                <BranchPoint vc="6" uspid="32" ordinal="5" path="1" offset="84" offsetend="98" sl="32" fileid="1" />
                <BranchPoint vc="0" uspid="36" ordinal="6" path="0" offset="112" offsetend="114" sl="36" fileid="1" />
                <BranchPoint vc="6" uspid="36" ordinal="7" path="1" offset="112" offsetend="126" sl="36" fileid="1" />
                <BranchPoint vc="1" uspid="41" ordinal="8" path="0" offset="144" offsetend="146" sl="41" fileid="1" />
                <BranchPoint vc="5" uspid="41" ordinal="9" path="1" offset="144" offsetend="158" sl="41" fileid="1" />
                <BranchPoint vc="3" uspid="50" ordinal="10" path="0" offset="198" offsetend="200" sl="50" fileid="1" />
                <BranchPoint vc="2" uspid="50" ordinal="11" path="1" offset="198" offsetend="212" sl="50" fileid="1" />
                <BranchPoint vc="0" uspid="57" ordinal="12" path="0" offset="250" offsetend="252" sl="57" fileid="1" />
                <BranchPoint vc="2" uspid="57" ordinal="13" path="1" offset="250" offsetend="278" sl="57" fileid="1" />
                <BranchPoint vc="0" uspid="62" ordinal="14" path="0" offset="286" offsetend="288" sl="62" fileid="1" />
                <BranchPoint vc="2" uspid="62" ordinal="15" path="1" offset="286" offsetend="300" sl="62" fileid="1" />
                <BranchPoint vc="1" uspid="66" ordinal="16" path="0" offset="323" offsetend="325" sl="66" fileid="1" />
                <BranchPoint vc="1" uspid="66" ordinal="17" path="1" offset="323" offsetend="337" sl="66" fileid="1" />
              </BranchPoints>
              <MethodPoint vc="31" uspid="0" p8:type="SequencePoint" ordinal="0" offset="0" sc="0" sl="21" ec="1" el="80" bec="0" bev="0" fileid="1" xmlns:p8="xsi" />
            </Method>
            <Method cyclomaticComplexity="2" nPathComplexity="2" sequenceCoverage="77.77" branchCoverage="50" isConstructor="False" isGetter="False" isSetter="False" isStatic="True">
              <Summary numSequencePoints="9" visitedSequencePoints="7" numBranchPoints="2" visitedBranchPoints="1" sequenceCoverage="77.77" branchCoverage="50" maxCyclomaticComplexity="2" minCyclomaticComplexity="2" visitedClasses="0" numClasses="0" visitedMethods="1" numMethods="1" />
              <MetadataToken />
              <Name>System.Boolean HealthAxis.Service.Implementation.AppointmentService::CancelAppointment(System.Int32,System.String)</Name>
              <FileRef uid="1" />
              <SequencePoints>
                <SequencePoint vc="1" uspid="83" ordinal="0" sl="83" sc="1" el="83" ec="2" bec="0" bev="0" fileid="1" />
                <SequencePoint vc="1" uspid="84" ordinal="1" sl="84" sc="1" el="84" ec="2" bec="0" bev="0" fileid="1" />
                <SequencePoint vc="1" uspid="85" ordinal="2" sl="85" sc="1" el="85" ec="2" bec="2" bev="1" fileid="1" />
                <SequencePoint vc="0" uspid="86" ordinal="3" sl="86" sc="1" el="86" ec="2" bec="0" bev="0" fileid="1" />
                <SequencePoint vc="0" uspid="87" ordinal="4" sl="87" sc="1" el="87" ec="2" bec="0" bev="0" fileid="1" />
                <SequencePoint vc="1" uspid="89" ordinal="5" sl="89" sc="1" el="89" ec="2" bec="0" bev="0" fileid="1" />
                <SequencePoint vc="1" uspid="90" ordinal="6" sl="90" sc="1" el="90" ec="2" bec="0" bev="0" fileid="1" />
                <SequencePoint vc="1" uspid="91" ordinal="7" sl="91" sc="1" el="91" ec="2" bec="0" bev="0" fileid="1" />
                <SequencePoint vc="1" uspid="92" ordinal="8" sl="92" sc="1" el="92" ec="2" bec="0" bev="0" fileid="1" />
              </SequencePoints>
              <BranchPoints>
                <BranchPoint vc="0" uspid="85" ordinal="0" path="0" offset="20" offsetend="22" sl="85" fileid="1" />
                <BranchPoint vc="1" uspid="85" ordinal="1" path="1" offset="20" offsetend="27" sl="85" fileid="1" />
              </BranchPoints>
              <MethodPoint vc="7" uspid="0" p8:type="SequencePoint" ordinal="1" offset="1" sc="0" sl="83" ec="1" el="92" bec="0" bev="0" fileid="1" xmlns:p8="xsi" />
            </Method>
            <Method cyclomaticComplexity="2" nPathComplexity="2" sequenceCoverage="100" branchCoverage="100" isConstructor="False" isGetter="False" isSetter="False" isStatic="True">
              <Summary numSequencePoints="9" visitedSequencePoints="9" numBranchPoints="2" visitedBranchPoints="2" sequenceCoverage="100" branchCoverage="100" maxCyclomaticComplexity="2" minCyclomaticComplexity="2" visitedClasses="0" numClasses="0" visitedMethods="1" numMethods="1" />
              <MetadataToken />
              <Name>System.Collections.Generic.List`1&lt;HealthAxis.Models.Appointment&gt; HealthAxis.Service.Implementation.AppointmentService::GetUpcomingAppointments()</Name>
              <FileRef uid="1" />
              <SequencePoints>
                <SequencePoint vc="2" uspid="94" ordinal="0" sl="94" sc="1" el="94" ec="2" bec="0" bev="0" fileid="1" />
                <SequencePoint vc="2" uspid="95" ordinal="1" sl="95" sc="1" el="95" ec="2" bec="0" bev="0" fileid="1" />
                <SequencePoint vc="2" uspid="96" ordinal="2" sl="96" sc="1" el="96" ec="2" bec="0" bev="0" fileid="1" />
                <SequencePoint vc="7" uspid="97" ordinal="3" sl="97" sc="1" el="97" ec="2" bec="2" bev="2" fileid="1" />
                <SequencePoint vc="7" uspid="98" ordinal="4" sl="98" sc="1" el="98" ec="2" bec="0" bev="0" fileid="1" />
                <SequencePoint vc="5" uspid="99" ordinal="5" sl="99" sc="1" el="99" ec="2" bec="0" bev="0" fileid="1" />
                <SequencePoint vc="5" uspid="100" ordinal="6" sl="100" sc="1" el="100" ec="2" bec="0" bev="0" fileid="1" />
                <SequencePoint vc="2" uspid="101" ordinal="7" sl="101" sc="1" el="101" ec="2" bec="0" bev="0" fileid="1" />
                <SequencePoint vc="2" uspid="102" ordinal="8" sl="102" sc="1" el="102" ec="2" bec="0" bev="0" fileid="1" />
              </SequencePoints>
              <BranchPoints>
                <BranchPoint vc="6" uspid="97" ordinal="0" path="0" offset="24" offsetend="26" sl="97" fileid="1" />
                <BranchPoint vc="1" uspid="97" ordinal="1" path="1" offset="24" offsetend="37" sl="97" fileid="1" />
              </BranchPoints>
              <MethodPoint vc="9" uspid="0" p8:type="SequencePoint" ordinal="2" offset="2" sc="0" sl="94" ec="1" el="102" bec="0" bev="0" fileid="1" xmlns:p8="xsi" />
            </Method>
            <Method cyclomaticComplexity="1" nPathComplexity="1" sequenceCoverage="0" branchCoverage="100" isConstructor="False" isGetter="False" isSetter="False" isStatic="True">
              <Summary numSequencePoints="3" visitedSequencePoints="0" numBranchPoints="0" visitedBranchPoints="0" sequenceCoverage="0" branchCoverage="100" maxCyclomaticComplexity="1" minCyclomaticComplexity="1" visitedClasses="0" numClasses="0" visitedMethods="0" numMethods="1" />
              <MetadataToken />
              <Name>System.Collections.Generic.List`1&lt;HealthAxis.Models.Appointment&gt; HealthAxis.Service.Implementation.AppointmentService::GetAllAppointments()</Name>
              <FileRef uid="1" />
              <SequencePoints>
                <SequencePoint vc="0" uspid="104" ordinal="0" sl="104" sc="1" el="104" ec="2" bec="0" bev="0" fileid="1" />
                <SequencePoint vc="0" uspid="105" ordinal="1" sl="105" sc="1" el="105" ec="2" bec="0" bev="0" fileid="1" />
                <SequencePoint vc="0" uspid="106" ordinal="2" sl="106" sc="1" el="106" ec="2" bec="0" bev="0" fileid="1" />
              </SequencePoints>
              <BranchPoints />
              <MethodPoint vc="0" uspid="0" p8:type="SequencePoint" ordinal="3" offset="3" sc="0" sl="104" ec="1" el="106" bec="0" bev="0" fileid="1" xmlns:p8="xsi" />
            </Method>
            <Method cyclomaticComplexity="1" nPathComplexity="1" sequenceCoverage="100" branchCoverage="100" isConstructor="False" isGetter="False" isSetter="False" isStatic="True">
              <Summary numSequencePoints="3" visitedSequencePoints="3" numBranchPoints="0" visitedBranchPoints="0" sequenceCoverage="100" branchCoverage="100" maxCyclomaticComplexity="1" minCyclomaticComplexity="1" visitedClasses="0" numClasses="0" visitedMethods="1" numMethods="1" />
              <MetadataToken />
              <Name>HealthAxis.Models.Appointment HealthAxis.Service.Implementation.AppointmentService::GetAppointmentById(System.Int32)</Name>
              <FileRef uid="1" />
              <SequencePoints>
                <SequencePoint vc="3" uspid="109" ordinal="0" sl="109" sc="1" el="109" ec="2" bec="0" bev="0" fileid="1" />
                <SequencePoint vc="3" uspid="110" ordinal="1" sl="110" sc="1" el="110" ec="2" bec="0" bev="0" fileid="1" />
                <SequencePoint vc="3" uspid="111" ordinal="2" sl="111" sc="1" el="111" ec="2" bec="0" bev="0" fileid="1" />
              </SequencePoints>
              <BranchPoints />
              <MethodPoint vc="3" uspid="0" p8:type="SequencePoint" ordinal="4" offset="4" sc="0" sl="109" ec="1" el="111" bec="0" bev="0" fileid="1" xmlns:p8="xsi" />
            </Method>
            <Method cyclomaticComplexity="1" nPathComplexity="1" sequenceCoverage="0" branchCoverage="100" isConstructor="True" isGetter="False" isSetter="False" isStatic="True">
              <Summary numSequencePoints="3" visitedSequencePoints="0" numBranchPoints="0" visitedBranchPoints="0" sequenceCoverage="0" branchCoverage="100" maxCyclomaticComplexity="1" minCyclomaticComplexity="1" visitedClasses="0" numClasses="0" visitedMethods="0" numMethods="1" />
              <MetadataToken />
              <Name>System.Collections.Generic.List`1&lt;HealthAxis.Models.Appointment&gt; HealthAxis.Service.Implementation.AppointmentService::GetAppointmentsByDoctor(System.Int32)</Name>
              <FileRef uid="1" />
              <SequencePoints>
                <SequencePoint vc="0" uspid="114" ordinal="0" sl="114" sc="1" el="114" ec="2" bec="0" bev="0" fileid="1" />
                <SequencePoint vc="0" uspid="115" ordinal="1" sl="115" sc="1" el="115" ec="2" bec="0" bev="0" fileid="1" />
                <SequencePoint vc="0" uspid="116" ordinal="2" sl="116" sc="1" el="116" ec="2" bec="0" bev="0" fileid="1" />
              </SequencePoints>
              <BranchPoints />
              <MethodPoint vc="0" uspid="0" p8:type="SequencePoint" ordinal="5" offset="5" sc="0" sl="114" ec="1" el="116" bec="0" bev="0" fileid="1" xmlns:p8="xsi" />
            </Method>
            <Method cyclomaticComplexity="1" nPathComplexity="1" sequenceCoverage="100" branchCoverage="100" isConstructor="False" isGetter="False" isSetter="False" isStatic="True">
              <Summary numSequencePoints="3" visitedSequencePoints="3" numBranchPoints="0" visitedBranchPoints="0" sequenceCoverage="100" branchCoverage="100" maxCyclomaticComplexity="1" minCyclomaticComplexity="1" visitedClasses="0" numClasses="0" visitedMethods="1" numMethods="1" />
              <MetadataToken />
              <Name>System.Collections.Generic.List`1&lt;HealthAxis.Models.Appointment&gt; HealthAxis.Service.Implementation.AppointmentService::GetAppointmentsByPatient(System.Int32)</Name>
              <FileRef uid="1" />
              <SequencePoints>
                <SequencePoint vc="1" uspid="119" ordinal="0" sl="119" sc="1" el="119" ec="2" bec="0" bev="0" fileid="1" />
                <SequencePoint vc="1" uspid="120" ordinal="1" sl="120" sc="1" el="120" ec="2" bec="0" bev="0" fileid="1" />
                <SequencePoint vc="1" uspid="121" ordinal="2" sl="121" sc="1" el="121" ec="2" bec="0" bev="0" fileid="1" />
              </SequencePoints>
              <BranchPoints />
              <MethodPoint vc="3" uspid="0" p8:type="SequencePoint" ordinal="6" offset="6" sc="0" sl="119" ec="1" el="121" bec="0" bev="0" fileid="1" xmlns:p8="xsi" />
            </Method>
            <Method cyclomaticComplexity="1" nPathComplexity="1" sequenceCoverage="100" branchCoverage="100" isConstructor="True" isGetter="False" isSetter="False" isStatic="True">
              <Summary numSequencePoints="4" visitedSequencePoints="4" numBranchPoints="0" visitedBranchPoints="0" sequenceCoverage="100" branchCoverage="100" maxCyclomaticComplexity="1" minCyclomaticComplexity="1" visitedClasses="0" numClasses="0" visitedMethods="1" numMethods="1" />
              <MetadataToken />
              <Name>System.Void HealthAxis.Service.Implementation.AppointmentService::.ctor(HealthAxis.Repository.IAppointmentRepository)</Name>
              <FileRef uid="1" />
              <SequencePoints>
                <SequencePoint vc="14" uspid="15" ordinal="0" sl="15" sc="1" el="15" ec="2" bec="0" bev="0" fileid="1" />
                <SequencePoint vc="14" uspid="16" ordinal="1" sl="16" sc="1" el="16" ec="2" bec="0" bev="0" fileid="1" />
                <SequencePoint vc="14" uspid="17" ordinal="2" sl="17" sc="1" el="17" ec="2" bec="0" bev="0" fileid="1" />
                <SequencePoint vc="14" uspid="18" ordinal="3" sl="18" sc="1" el="18" ec="2" bec="0" bev="0" fileid="1" />
              </SequencePoints>
              <BranchPoints />
              <MethodPoint vc="4" uspid="0" p8:type="SequencePoint" ordinal="7" offset="7" sc="0" sl="15" ec="1" el="18" bec="0" bev="0" fileid="1" xmlns:p8="xsi" />
            </Method>
          </Methods>
        </Class>
        <Class>
          <Summary numSequencePoints="31" visitedSequencePoints="27" numBranchPoints="12" visitedBranchPoints="8" sequenceCoverage="87.09" branchCoverage="66.66" maxCyclomaticComplexity="4" minCyclomaticComplexity="1" visitedClasses="1" numClasses="1" visitedMethods="6" numMethods="6" />
          <FullName>HealthAxis.Service.Implementation.DoctorService</FullName>
          <Methods>
            <Method cyclomaticComplexity="1" nPathComplexity="1" sequenceCoverage="100" branchCoverage="100" isConstructor="True" isGetter="False" isSetter="False" isStatic="True">
              <Summary numSequencePoints="3" visitedSequencePoints="3" numBranchPoints="0" visitedBranchPoints="0" sequenceCoverage="100" branchCoverage="100" maxCyclomaticComplexity="1" minCyclomaticComplexity="1" visitedClasses="0" numClasses="0" visitedMethods="1" numMethods="1" />
              <MetadataToken />
              <Name>HealthAxis.Models.Doctor HealthAxis.Service.Implementation.DoctorService::AddDoctor(HealthAxis.Models.Doctor)</Name>
              <FileRef uid="2" />
              <SequencePoints>
                <SequencePoint vc="1" uspid="19" ordinal="0" sl="19" sc="1" el="19" ec="2" bec="0" bev="0" fileid="2" />
                <SequencePoint vc="1" uspid="20" ordinal="1" sl="20" sc="1" el="20" ec="2" bec="0" bev="0" fileid="2" />
                <SequencePoint vc="1" uspid="21" ordinal="2" sl="21" sc="1" el="21" ec="2" bec="0" bev="0" fileid="2" />
              </SequencePoints>
              <BranchPoints />
              <MethodPoint vc="3" uspid="0" p8:type="SequencePoint" ordinal="0" offset="0" sc="0" sl="19" ec="1" el="21" bec="0" bev="0" fileid="2" xmlns:p8="xsi" />
            </Method>
            <Method cyclomaticComplexity="4" nPathComplexity="4" sequenceCoverage="71.42" branchCoverage="50" isConstructor="True" isGetter="False" isSetter="False" isStatic="True">
              <Summary numSequencePoints="7" visitedSequencePoints="5" numBranchPoints="4" visitedBranchPoints="2" sequenceCoverage="71.42" branchCoverage="50" maxCyclomaticComplexity="4" minCyclomaticComplexity="4" visitedClasses="0" numClasses="0" visitedMethods="1" numMethods="1" />
              <MetadataToken />
              <Name>System.Collections.Generic.List`1&lt;HealthAxis.Models.Doctor&gt; HealthAxis.Service.Implementation.DoctorService::SearchDoctorBySpecialisation(HealthAxis.Models.Doctor/Specialisations)</Name>
              <FileRef uid="2" />
              <SequencePoints>
                <SequencePoint vc="1" uspid="24" ordinal="0" sl="24" sc="1" el="24" ec="2" bec="0" bev="0" fileid="2" />
                <SequencePoint vc="1" uspid="25" ordinal="1" sl="25" sc="1" el="25" ec="2" bec="0" bev="0" fileid="2" />
                <SequencePoint vc="1" uspid="26" ordinal="2" sl="26" sc="1" el="26" ec="2" bec="4" bev="2" fileid="2" />
                <SequencePoint vc="0" uspid="27" ordinal="3" sl="27" sc="1" el="27" ec="2" bec="0" bev="0" fileid="2" />
                <SequencePoint vc="0" uspid="28" ordinal="4" sl="28" sc="1" el="28" ec="2" bec="0" bev="0" fileid="2" />
                <SequencePoint vc="1" uspid="30" ordinal="5" sl="30" sc="1" el="30" ec="2" bec="0" bev="0" fileid="2" />
                <SequencePoint vc="1" uspid="31" ordinal="6" sl="31" sc="1" el="31" ec="2" bec="0" bev="0" fileid="2" />
              </SequencePoints>
              <BranchPoints>
                <BranchPoint vc="1" uspid="26" ordinal="0" path="0" offset="15" offsetend="17" sl="26" fileid="2" />
                <BranchPoint vc="0" uspid="26" ordinal="1" path="1" offset="15" offsetend="28" sl="26" fileid="2" />
                <BranchPoint vc="0" uspid="26" ordinal="2" path="0" offset="31" offsetend="33" sl="26" fileid="2" />
                <BranchPoint vc="1" uspid="26" ordinal="3" path="1" offset="31" offsetend="45" sl="26" fileid="2" />
              </BranchPoints>
              <MethodPoint vc="5" uspid="0" p8:type="SequencePoint" ordinal="1" offset="1" sc="0" sl="24" ec="1" el="31" bec="0" bev="0" fileid="2" xmlns:p8="xsi" />
            </Method>
            <Method cyclomaticComplexity="4" nPathComplexity="4" sequenceCoverage="85.71" branchCoverage="75" isConstructor="True" isGetter="False" isSetter="False" isStatic="True">
              <Summary numSequencePoints="7" visitedSequencePoints="6" numBranchPoints="4" visitedBranchPoints="3" sequenceCoverage="85.71" branchCoverage="75" maxCyclomaticComplexity="4" minCyclomaticComplexity="4" visitedClasses="0" numClasses="0" visitedMethods="1" numMethods="1" />
              <MetadataToken />
              <Name>HealthAxis.Models.Doctor HealthAxis.Service.Implementation.DoctorService::GetDoctorById(System.Int32)</Name>
              <FileRef uid="2" />
              <SequencePoints>
                <SequencePoint vc="6" uspid="33" ordinal="0" sl="33" sc="1" el="33" ec="2" bec="0" bev="0" fileid="2" />
                <SequencePoint vc="6" uspid="34" ordinal="1" sl="34" sc="1" el="34" ec="2" bec="2" bev="2" fileid="2" />
                <SequencePoint vc="2" uspid="35" ordinal="2" sl="35" sc="1" el="35" ec="2" bec="0" bev="0" fileid="2" />
                <SequencePoint vc="2" uspid="36" ordinal="3" sl="36" sc="1" el="36" ec="2" bec="0" bev="0" fileid="2" />
                <SequencePoint vc="4" uspid="38" ordinal="4" sl="38" sc="1" el="38" ec="2" bec="0" bev="0" fileid="2" />
                <SequencePoint vc="4" uspid="39" ordinal="5" sl="39" sc="1" el="39" ec="2" bec="2" bev="1" fileid="2" />
                <SequencePoint vc="0" uspid="40" ordinal="6" sl="40" sc="1" el="40" ec="2" bec="0" bev="0" fileid="2" />
              </SequencePoints>
              <BranchPoints>
                <BranchPoint vc="2" uspid="34" ordinal="0" path="0" offset="10" offsetend="12" sl="34" fileid="2" />
                <BranchPoint vc="4" uspid="34" ordinal="1" path="1" offset="10" offsetend="24" sl="34" fileid="2" />
                <BranchPoint vc="4" uspid="39" ordinal="2" path="0" offset="39" offsetend="41" sl="39" fileid="2" />
                <BranchPoint vc="0" uspid="39" ordinal="3" path="1" offset="39" offsetend="100" sl="39" fileid="2" />
              </BranchPoints>
              <MethodPoint vc="6" uspid="0" p8:type="SequencePoint" ordinal="2" offset="2" sc="0" sl="33" ec="1" el="40" bec="0" bev="0" fileid="2" xmlns:p8="xsi" />
            </Method>
            <Method cyclomaticComplexity="1" nPathComplexity="1" sequenceCoverage="100" branchCoverage="100" isConstructor="True" isGetter="False" isSetter="False" isStatic="True">
              <Summary numSequencePoints="3" visitedSequencePoints="3" numBranchPoints="0" visitedBranchPoints="0" sequenceCoverage="100" branchCoverage="100" maxCyclomaticComplexity="1" minCyclomaticComplexity="1" visitedClasses="0" numClasses="0" visitedMethods="1" numMethods="1" />
              <MetadataToken />
              <Name>System.Collections.Generic.List`1&lt;HealthAxis.Models.Doctor&gt; HealthAxis.Service.Implementation.DoctorService::GetAllDoctors()</Name>
              <FileRef uid="2" />
              <SequencePoints>
                <SequencePoint vc="1" uspid="42" ordinal="0" sl="42" sc="1" el="42" ec="2" bec="0" bev="0" fileid="2" />
                <SequencePoint vc="1" uspid="43" ordinal="1" sl="43" sc="1" el="43" ec="2" bec="0" bev="0" fileid="2" />
                <SequencePoint vc="1" uspid="44" ordinal="2" sl="44" sc="1" el="44" ec="2" bec="0" bev="0" fileid="2" />
              </SequencePoints>
              <BranchPoints />
              <MethodPoint vc="3" uspid="0" p8:type="SequencePoint" ordinal="3" offset="3" sc="0" sl="42" ec="1" el="44" bec="0" bev="0" fileid="2" xmlns:p8="xsi" />
            </Method>
            <Method cyclomaticComplexity="4" nPathComplexity="4" sequenceCoverage="85.71" branchCoverage="75" isConstructor="True" isGetter="False" isSetter="False" isStatic="True">
              <Summary numSequencePoints="7" visitedSequencePoints="6" numBranchPoints="4" visitedBranchPoints="3" sequenceCoverage="85.71" branchCoverage="75" maxCyclomaticComplexity="4" minCyclomaticComplexity="4" visitedClasses="0" numClasses="0" visitedMethods="1" numMethods="1" />
              <MetadataToken />
              <Name>System.Boolean HealthAxis.Service.Implementation.DoctorService::UpdateDoctor(HealthAxis.Models.Doctor)</Name>
              <FileRef uid="2" />
              <SequencePoints>
                <SequencePoint vc="2" uspid="46" ordinal="0" sl="46" sc="1" el="46" ec="2" bec="0" bev="0" fileid="2" />
                <SequencePoint vc="2" uspid="47" ordinal="1" sl="47" sc="1" el="47" ec="2" bec="2" bev="2" fileid="2" />
                <SequencePoint vc="1" uspid="48" ordinal="2" sl="48" sc="1" el="48" ec="2" bec="0" bev="0" fileid="2" />
                <SequencePoint vc="1" uspid="50" ordinal="3" sl="50" sc="1" el="50" ec="2" bec="2" bev="1" fileid="2" />
                <SequencePoint vc="0" uspid="51" ordinal="4" sl="51" sc="1" el="51" ec="2" bec="0" bev="0" fileid="2" />
                <SequencePoint vc="1" uspid="53" ordinal="5" sl="53" sc="1" el="53" ec="2" bec="0" bev="0" fileid="2" />
                <SequencePoint vc="1" uspid="54" ordinal="6" sl="54" sc="1" el="54" ec="2" bec="0" bev="0" fileid="2" />
              </SequencePoints>
              <BranchPoints>
                <BranchPoint vc="1" uspid="47" ordinal="0" path="0" offset="7" offsetend="9" sl="47" fileid="2" />
                <BranchPoint vc="1" uspid="47" ordinal="1" path="1" offset="7" offsetend="20" sl="47" fileid="2" />
                <BranchPoint vc="0" uspid="50" ordinal="2" path="0" offset="33" offsetend="35" sl="50" fileid="2" />
                <BranchPoint vc="1" uspid="50" ordinal="3" path="1" offset="33" offsetend="46" sl="50" fileid="2" />
              </BranchPoints>
              <MethodPoint vc="6" uspid="0" p8:type="SequencePoint" ordinal="4" offset="4" sc="0" sl="46" ec="1" el="54" bec="0" bev="0" fileid="2" xmlns:p8="xsi" />
            </Method>
            <Method cyclomaticComplexity="1" nPathComplexity="1" sequenceCoverage="100" branchCoverage="100" isConstructor="True" isGetter="False" isSetter="False" isStatic="True">
              <Summary numSequencePoints="4" visitedSequencePoints="4" numBranchPoints="0" visitedBranchPoints="0" sequenceCoverage="100" branchCoverage="100" maxCyclomaticComplexity="1" minCyclomaticComplexity="1" visitedClasses="0" numClasses="0" visitedMethods="1" numMethods="1" />
              <MetadataToken />
              <Name>System.Void HealthAxis.Service.Implementation.DoctorService::.ctor(HealthAxis.Repository.IDoctorRepository)</Name>
              <FileRef uid="2" />
              <SequencePoints>
                <SequencePoint vc="11" uspid="14" ordinal="0" sl="14" sc="1" el="14" ec="2" bec="0" bev="0" fileid="2" />
                <SequencePoint vc="11" uspid="15" ordinal="1" sl="15" sc="1" el="15" ec="2" bec="0" bev="0" fileid="2" />
                <SequencePoint vc="11" uspid="16" ordinal="2" sl="16" sc="1" el="16" ec="2" bec="0" bev="0" fileid="2" />
                <SequencePoint vc="11" uspid="17" ordinal="3" sl="17" sc="1" el="17" ec="2" bec="0" bev="0" fileid="2" />
              </SequencePoints>
              <BranchPoints />
              <MethodPoint vc="4" uspid="0" p8:type="SequencePoint" ordinal="5" offset="5" sc="0" sl="14" ec="1" el="17" bec="0" bev="0" fileid="2" xmlns:p8="xsi" />
            </Method>
          </Methods>
        </Class>
        <Class>
          <Summary numSequencePoints="20" visitedSequencePoints="18" numBranchPoints="4" visitedBranchPoints="3" sequenceCoverage="90" branchCoverage="75" maxCyclomaticComplexity="4" minCyclomaticComplexity="1" visitedClasses="1" numClasses="1" visitedMethods="4" numMethods="4" />
          <FullName>HealthAxis.Service.Implementation.HealthRecordService</FullName>
          <Methods>
            <Method cyclomaticComplexity="4" nPathComplexity="4" sequenceCoverage="80" branchCoverage="75" isConstructor="False" isGetter="False" isSetter="False" isStatic="True">
              <Summary numSequencePoints="10" visitedSequencePoints="8" numBranchPoints="4" visitedBranchPoints="3" sequenceCoverage="80" branchCoverage="75" maxCyclomaticComplexity="4" minCyclomaticComplexity="4" visitedClasses="0" numClasses="0" visitedMethods="1" numMethods="1" />
              <MetadataToken />
              <Name>HealthAxis.Models.HealthRecord HealthAxis.Service.Implementation.HealthRecordService::AddRecord(HealthAxis.Models.HealthRecord)</Name>
              <FileRef uid="3" />
              <SequencePoints>
                <SequencePoint vc="2" uspid="20" ordinal="0" sl="20" sc="1" el="20" ec="2" bec="0" bev="0" fileid="3" />
                <SequencePoint vc="2" uspid="22" ordinal="1" sl="22" sc="1" el="22" ec="2" bec="2" bev="2" fileid="3" />
                <SequencePoint vc="1" uspid="23" ordinal="2" sl="23" sc="1" el="23" ec="2" bec="0" bev="0" fileid="3" />
                <SequencePoint vc="1" uspid="24" ordinal="3" sl="24" sc="1" el="24" ec="2" bec="0" bev="0" fileid="3" />
                <SequencePoint vc="1" uspid="27" ordinal="4" sl="27" sc="1" el="27" ec="2" bec="2" bev="1" fileid="3" />
                <SequencePoint vc="0" uspid="28" ordinal="5" sl="28" sc="1" el="28" ec="2" bec="0" bev="0" fileid="3" />
                <SequencePoint vc="0" uspid="29" ordinal="6" sl="29" sc="1" el="29" ec="2" bec="0" bev="0" fileid="3" />
                <SequencePoint vc="1" uspid="32" ordinal="7" sl="32" sc="1" el="32" ec="2" bec="0" bev="0" fileid="3" />
                <SequencePoint vc="1" uspid="33" ordinal="8" sl="33" sc="1" el="33" ec="2" bec="0" bev="0" fileid="3" />
                <SequencePoint vc="1" uspid="34" ordinal="9" sl="34" sc="1" el="34" ec="2" bec="0" bev="0" fileid="3" />
              </SequencePoints>
              <BranchPoints>
                <BranchPoint vc="1" uspid="22" ordinal="0" path="0" offset="7" offsetend="9" sl="22" fileid="3" />
                <BranchPoint vc="1" uspid="22" ordinal="1" path="1" offset="7" offsetend="21" sl="22" fileid="3" />
                <BranchPoint vc="0" uspid="27" ordinal="2" path="0" offset="34" offsetend="36" sl="27" fileid="3" />
                <BranchPoint vc="1" uspid="27" ordinal="3" path="1" offset="34" offsetend="48" sl="27" fileid="3" />
              </BranchPoints>
              <MethodPoint vc="8" uspid="0" p8:type="SequencePoint" ordinal="0" offset="0" sc="0" sl="20" ec="1" el="34" bec="0" bev="0" fileid="3" xmlns:p8="xsi" />
            </Method>
            <Method cyclomaticComplexity="1" nPathComplexity="1" sequenceCoverage="100" branchCoverage="100" isConstructor="False" isGetter="False" isSetter="False" isStatic="True">
              <Summary numSequencePoints="3" visitedSequencePoints="3" numBranchPoints="0" visitedBranchPoints="0" sequenceCoverage="100" branchCoverage="100" maxCyclomaticComplexity="1" minCyclomaticComplexity="1" visitedClasses="0" numClasses="0" visitedMethods="1" numMethods="1" />
              <MetadataToken />
              <Name>System.Collections.Generic.List`1&lt;HealthAxis.Models.HealthRecord&gt; HealthAxis.Service.Implementation.HealthRecordService::GetRecordsByPatient(System.Int32)</Name>
              <FileRef uid="3" />
              <SequencePoints>
                <SequencePoint vc="1" uspid="37" ordinal="0" sl="37" sc="1" el="37" ec="2" bec="0" bev="0" fileid="3" />
                <SequencePoint vc="3" uspid="38" ordinal="1" sl="38" sc="1" el="38" ec="2" bec="0" bev="0" fileid="3" />
                <SequencePoint vc="1" uspid="39" ordinal="2" sl="39" sc="1" el="39" ec="2" bec="0" bev="0" fileid="3" />
              </SequencePoints>
              <BranchPoints />
              <MethodPoint vc="3" uspid="0" p8:type="SequencePoint" ordinal="1" offset="1" sc="0" sl="37" ec="1" el="39" bec="0" bev="0" fileid="3" xmlns:p8="xsi" />
            </Method>
            <Method cyclomaticComplexity="1" nPathComplexity="1" sequenceCoverage="100" branchCoverage="100" isConstructor="True" isGetter="False" isSetter="False" isStatic="True">
              <Summary numSequencePoints="3" visitedSequencePoints="3" numBranchPoints="0" visitedBranchPoints="0" sequenceCoverage="100" branchCoverage="100" maxCyclomaticComplexity="1" minCyclomaticComplexity="1" visitedClasses="0" numClasses="0" visitedMethods="1" numMethods="1" />
              <MetadataToken />
              <Name>System.Collections.Generic.List`1&lt;HealthAxis.Models.HealthRecord&gt; HealthAxis.Service.Implementation.HealthRecordService::GetRecordsByDoctor(System.Int32)</Name>
              <FileRef uid="3" />
              <SequencePoints>
                <SequencePoint vc="2" uspid="42" ordinal="0" sl="42" sc="1" el="42" ec="2" bec="0" bev="0" fileid="3" />
                <SequencePoint vc="4" uspid="43" ordinal="1" sl="43" sc="1" el="43" ec="2" bec="0" bev="0" fileid="3" />
                <SequencePoint vc="2" uspid="44" ordinal="2" sl="44" sc="1" el="44" ec="2" bec="0" bev="0" fileid="3" />
              </SequencePoints>
              <BranchPoints />
              <MethodPoint vc="3" uspid="0" p8:type="SequencePoint" ordinal="2" offset="2" sc="0" sl="42" ec="1" el="44" bec="0" bev="0" fileid="3" xmlns:p8="xsi" />
            </Method>
            <Method cyclomaticComplexity="1" nPathComplexity="1" sequenceCoverage="100" branchCoverage="100" isConstructor="True" isGetter="False" isSetter="False" isStatic="True">
              <Summary numSequencePoints="4" visitedSequencePoints="4" numBranchPoints="0" visitedBranchPoints="0" sequenceCoverage="100" branchCoverage="100" maxCyclomaticComplexity="1" minCyclomaticComplexity="1" visitedClasses="0" numClasses="0" visitedMethods="1" numMethods="1" />
              <MetadataToken />
              <Name>System.Void HealthAxis.Service.Implementation.HealthRecordService::.ctor(HealthAxis.Repository.IHealthRecordRepository)</Name>
              <FileRef uid="3" />
              <SequencePoints>
                <SequencePoint vc="5" uspid="14" ordinal="0" sl="14" sc="1" el="14" ec="2" bec="0" bev="0" fileid="3" />
                <SequencePoint vc="5" uspid="15" ordinal="1" sl="15" sc="1" el="15" ec="2" bec="0" bev="0" fileid="3" />
                <SequencePoint vc="5" uspid="16" ordinal="2" sl="16" sc="1" el="16" ec="2" bec="0" bev="0" fileid="3" />
                <SequencePoint vc="5" uspid="17" ordinal="3" sl="17" sc="1" el="17" ec="2" bec="0" bev="0" fileid="3" />
              </SequencePoints>
              <BranchPoints />
              <MethodPoint vc="4" uspid="0" p8:type="SequencePoint" ordinal="3" offset="3" sc="0" sl="14" ec="1" el="17" bec="0" bev="0" fileid="3" xmlns:p8="xsi" />
            </Method>
          </Methods>
        </Class>
        <Class>
          <Summary numSequencePoints="24" visitedSequencePoints="23" numBranchPoints="6" visitedBranchPoints="5" sequenceCoverage="95.83" branchCoverage="83.33" maxCyclomaticComplexity="4" minCyclomaticComplexity="1" visitedClasses="1" numClasses="1" visitedMethods="5" numMethods="5" />
          <FullName>HealthAxis.Service.Implementation.PatientService</FullName>
          <Methods>
            <Method cyclomaticComplexity="1" nPathComplexity="1" sequenceCoverage="100" branchCoverage="100" isConstructor="False" isGetter="False" isSetter="False" isStatic="True">
              <Summary numSequencePoints="3" visitedSequencePoints="3" numBranchPoints="0" visitedBranchPoints="0" sequenceCoverage="100" branchCoverage="100" maxCyclomaticComplexity="1" minCyclomaticComplexity="1" visitedClasses="0" numClasses="0" visitedMethods="1" numMethods="1" />
              <MetadataToken />
              <Name>System.Collections.Generic.List`1&lt;HealthAxis.Models.Patient&gt; HealthAxis.Service.Implementation.PatientService::GetAllPatients()</Name>
              <FileRef uid="4" />
              <SequencePoints>
                <SequencePoint vc="1" uspid="18" ordinal="0" sl="18" sc="1" el="18" ec="2" bec="0" bev="0" fileid="4" />
                <SequencePoint vc="1" uspid="19" ordinal="1" sl="19" sc="1" el="19" ec="2" bec="0" bev="0" fileid="4" />
                <SequencePoint vc="1" uspid="20" ordinal="2" sl="20" sc="1" el="20" ec="2" bec="0" bev="0" fileid="4" />
              </SequencePoints>
              <BranchPoints />
              <MethodPoint vc="3" uspid="0" p8:type="SequencePoint" ordinal="0" offset="0" sc="0" sl="18" ec="1" el="20" bec="0" bev="0" fileid="4" xmlns:p8="xsi" />
            </Method>
            <Method cyclomaticComplexity="2" nPathComplexity="2" sequenceCoverage="100" branchCoverage="100" isConstructor="False" isGetter="False" isSetter="False" isStatic="True">
              <Summary numSequencePoints="7" visitedSequencePoints="7" numBranchPoints="2" visitedBranchPoints="2" sequenceCoverage="100" branchCoverage="100" maxCyclomaticComplexity="2" minCyclomaticComplexity="2" visitedClasses="0" numClasses="0" visitedMethods="1" numMethods="1" />
              <MetadataToken />
              <Name>HealthAxis.Models.Patient HealthAxis.Service.Implementation.PatientService::GetPatientById(System.Int32)</Name>
              <FileRef uid="4" />
              <SequencePoints>
                <SequencePoint vc="2" uspid="23" ordinal="0" sl="23" sc="1" el="23" ec="2" bec="0" bev="0" fileid="4" />
                <SequencePoint vc="2" uspid="24" ordinal="1" sl="24" sc="1" el="24" ec="2" bec="0" bev="0" fileid="4" />
                <SequencePoint vc="2" uspid="25" ordinal="2" sl="25" sc="1" el="25" ec="2" bec="2" bev="2" fileid="4" />
                <SequencePoint vc="1" uspid="26" ordinal="3" sl="26" sc="1" el="26" ec="2" bec="0" bev="0" fileid="4" />
                <SequencePoint vc="1" uspid="27" ordinal="4" sl="27" sc="1" el="27" ec="2" bec="0" bev="0" fileid="4" />
                <SequencePoint vc="1" uspid="29" ordinal="5" sl="29" sc="1" el="29" ec="2" bec="0" bev="0" fileid="4" />
                <SequencePoint vc="1" uspid="30" ordinal="6" sl="30" sc="1" el="30" ec="2" bec="0" bev="0" fileid="4" />
              </SequencePoints>
              <BranchPoints>
                <BranchPoint vc="1" uspid="25" ordinal="0" path="0" offset="20" offsetend="22" sl="25" fileid="4" />
                <BranchPoint vc="1" uspid="25" ordinal="1" path="1" offset="20" offsetend="81" sl="25" fileid="4" />
              </BranchPoints>
              <MethodPoint vc="7" uspid="0" p8:type="SequencePoint" ordinal="1" offset="1" sc="0" sl="23" ec="1" el="30" bec="0" bev="0" fileid="4" xmlns:p8="xsi" />
            </Method>
            <Method cyclomaticComplexity="1" nPathComplexity="1" sequenceCoverage="100" branchCoverage="100" isConstructor="False" isGetter="False" isSetter="False" isStatic="True">
              <Summary numSequencePoints="3" visitedSequencePoints="3" numBranchPoints="0" visitedBranchPoints="0" sequenceCoverage="100" branchCoverage="100" maxCyclomaticComplexity="1" minCyclomaticComplexity="1" visitedClasses="0" numClasses="0" visitedMethods="1" numMethods="1" />
              <MetadataToken />
              <Name>HealthAxis.Models.Patient HealthAxis.Service.Implementation.PatientService::RegisterPatient(HealthAxis.Models.Patient)</Name>
              <FileRef uid="4" />
              <SequencePoints>
                <SequencePoint vc="1" uspid="32" ordinal="0" sl="32" sc="1" el="32" ec="2" bec="0" bev="0" fileid="4" />
                <SequencePoint vc="1" uspid="33" ordinal="1" sl="33" sc="1" el="33" ec="2" bec="0" bev="0" fileid="4" />
                <SequencePoint vc="1" uspid="34" ordinal="2" sl="34" sc="1" el="34" ec="2" bec="0" bev="0" fileid="4" />
              </SequencePoints>
              <BranchPoints />
              <MethodPoint vc="3" uspid="0" p8:type="SequencePoint" ordinal="2" offset="2" sc="0" sl="32" ec="1" el="34" bec="0" bev="0" fileid="4" xmlns:p8="xsi" />
            </Method>
            <Method cyclomaticComplexity="4" nPathComplexity="4" sequenceCoverage="85.71" branchCoverage="75" isConstructor="False" isGetter="False" isSetter="False" isStatic="True">
              <Summary numSequencePoints="7" visitedSequencePoints="6" numBranchPoints="4" visitedBranchPoints="3" sequenceCoverage="85.71" branchCoverage="75" maxCyclomaticComplexity="4" minCyclomaticComplexity="4" visitedClasses="0" numClasses="0" visitedMethods="1" numMethods="1" />
              <MetadataToken />
              <Name>System.Boolean HealthAxis.Service.Implementation.PatientService::UpdatePatient(HealthAxis.Models.Patient)</Name>
              <FileRef uid="4" />
              <SequencePoints>
                <SequencePoint vc="3" uspid="36" ordinal="0" sl="36" sc="1" el="36" ec="2" bec="0" bev="0" fileid="4" />
                <SequencePoint vc="3" uspid="38" ordinal="1" sl="38" sc="1" el="38" ec="2" bec="2" bev="1" fileid="4" />
                <SequencePoint vc="0" uspid="39" ordinal="2" sl="39" sc="1" el="39" ec="2" bec="0" bev="0" fileid="4" />
                <SequencePoint vc="3" uspid="41" ordinal="3" sl="41" sc="1" el="41" ec="2" bec="2" bev="2" fileid="4" />
                <SequencePoint vc="1" uspid="42" ordinal="4" sl="42" sc="1" el="42" ec="2" bec="0" bev="0" fileid="4" />
                <SequencePoint vc="2" uspid="44" ordinal="5" sl="44" sc="1" el="44" ec="2" bec="0" bev="0" fileid="4" />
                <SequencePoint vc="2" uspid="46" ordinal="6" sl="46" sc="1" el="46" ec="2" bec="0" bev="0" fileid="4" />
              </SequencePoints>
              <BranchPoints>
                <BranchPoint vc="0" uspid="38" ordinal="0" path="0" offset="7" offsetend="9" sl="38" fileid="4" />
                <BranchPoint vc="3" uspid="38" ordinal="1" path="1" offset="7" offsetend="20" sl="38" fileid="4" />
                <BranchPoint vc="1" uspid="41" ordinal="2" path="0" offset="33" offsetend="35" sl="41" fileid="4" />
                <BranchPoint vc="2" uspid="41" ordinal="3" path="1" offset="33" offsetend="46" sl="41" fileid="4" />
              </BranchPoints>
              <MethodPoint vc="6" uspid="0" p8:type="SequencePoint" ordinal="3" offset="3" sc="0" sl="36" ec="1" el="46" bec="0" bev="0" fileid="4" xmlns:p8="xsi" />
            </Method>
            <Method cyclomaticComplexity="1" nPathComplexity="1" sequenceCoverage="100" branchCoverage="100" isConstructor="True" isGetter="False" isSetter="False" isStatic="True">
              <Summary numSequencePoints="4" visitedSequencePoints="4" numBranchPoints="0" visitedBranchPoints="0" sequenceCoverage="100" branchCoverage="100" maxCyclomaticComplexity="1" minCyclomaticComplexity="1" visitedClasses="0" numClasses="0" visitedMethods="1" numMethods="1" />
              <MetadataToken />
              <Name>System.Void HealthAxis.Service.Implementation.PatientService::.ctor(HealthAxis.Repository.IPatientRepository)</Name>
              <FileRef uid="4" />
              <SequencePoints>
                <SequencePoint vc="7" uspid="13" ordinal="0" sl="13" sc="1" el="13" ec="2" bec="0" bev="0" fileid="4" />
                <SequencePoint vc="7" uspid="14" ordinal="1" sl="14" sc="1" el="14" ec="2" bec="0" bev="0" fileid="4" />
                <SequencePoint vc="7" uspid="15" ordinal="2" sl="15" sc="1" el="15" ec="2" bec="0" bev="0" fileid="4" />
                <SequencePoint vc="7" uspid="16" ordinal="3" sl="16" sc="1" el="16" ec="2" bec="0" bev="0" fileid="4" />
              </SequencePoints>
              <BranchPoints />
              <MethodPoint vc="4" uspid="0" p8:type="SequencePoint" ordinal="4" offset="4" sc="0" sl="13" ec="1" el="16" bec="0" bev="0" fileid="4" xmlns:p8="xsi" />
            </Method>
          </Methods>
        </Class>
        <Class>
          <Summary numSequencePoints="95" visitedSequencePoints="91" numBranchPoints="38" visitedBranchPoints="21" sequenceCoverage="95.78" branchCoverage="55.26" maxCyclomaticComplexity="14" minCyclomaticComplexity="1" visitedClasses="1" numClasses="1" visitedMethods="12" numMethods="12" />
          <FullName>HealthAxis.Repository.Implementation.AppointmentRepository</FullName>
          <Methods>
            <Method cyclomaticComplexity="1" nPathComplexity="1" sequenceCoverage="100" branchCoverage="100" isConstructor="False" isGetter="False" isSetter="False" isStatic="True">
              <Summary numSequencePoints="6" visitedSequencePoints="6" numBranchPoints="0" visitedBranchPoints="0" sequenceCoverage="100" branchCoverage="100" maxCyclomaticComplexity="1" minCyclomaticComplexity="1" visitedClasses="0" numClasses="0" visitedMethods="1" numMethods="1" />
              <MetadataToken />
              <Name>HealthAxis.Models.Appointment HealthAxis.Repository.Implementation.AppointmentRepository::AddAppointment(HealthAxis.Models.Appointment)</Name>
              <FileRef uid="5" />
              <SequencePoints>
                <SequencePoint vc="12" uspid="19" ordinal="0" sl="19" sc="1" el="19" ec="2" bec="0" bev="0" fileid="5" />
                <SequencePoint vc="12" uspid="20" ordinal="1" sl="20" sc="1" el="20" ec="2" bec="0" bev="0" fileid="5" />
                <SequencePoint vc="12" uspid="21" ordinal="2" sl="21" sc="1" el="21" ec="2" bec="0" bev="0" fileid="5" />
                <SequencePoint vc="12" uspid="22" ordinal="3" sl="22" sc="1" el="22" ec="2" bec="0" bev="0" fileid="5" />
                <SequencePoint vc="12" uspid="23" ordinal="4" sl="23" sc="1" el="23" ec="2" bec="0" bev="0" fileid="5" />
                <SequencePoint vc="12" uspid="24" ordinal="5" sl="24" sc="1" el="24" ec="2" bec="0" bev="0" fileid="5" />
              </SequencePoints>
              <BranchPoints />
              <MethodPoint vc="6" uspid="0" p8:type="SequencePoint" ordinal="0" offset="0" sc="0" sl="19" ec="1" el="24" bec="0" bev="0" fileid="5" xmlns:p8="xsi" />
            </Method>
            <Method cyclomaticComplexity="2" nPathComplexity="2" sequenceCoverage="77.77" branchCoverage="50" isConstructor="False" isGetter="False" isSetter="False" isStatic="True">
              <Summary numSequencePoints="9" visitedSequencePoints="7" numBranchPoints="2" visitedBranchPoints="1" sequenceCoverage="77.77" branchCoverage="50" maxCyclomaticComplexity="2" minCyclomaticComplexity="2" visitedClasses="0" numClasses="0" visitedMethods="1" numMethods="1" />
              <MetadataToken />
              <Name>System.Boolean HealthAxis.Repository.Implementation.AppointmentRepository::CancelAppointment(System.Int32,System.String)</Name>
              <FileRef uid="5" />
              <SequencePoints>
                <SequencePoint vc="1" uspid="27" ordinal="0" sl="27" sc="1" el="27" ec="2" bec="0" bev="0" fileid="5" />
                <SequencePoint vc="2" uspid="28" ordinal="1" sl="28" sc="1" el="28" ec="2" bec="0" bev="0" fileid="5" />
                <SequencePoint vc="1" uspid="29" ordinal="2" sl="29" sc="1" el="29" ec="2" bec="2" bev="1" fileid="5" />
                <SequencePoint vc="0" uspid="30" ordinal="3" sl="30" sc="1" el="30" ec="2" bec="0" bev="0" fileid="5" />
                <SequencePoint vc="0" uspid="31" ordinal="4" sl="31" sc="1" el="31" ec="2" bec="0" bev="0" fileid="5" />
                <SequencePoint vc="1" uspid="33" ordinal="5" sl="33" sc="1" el="33" ec="2" bec="0" bev="0" fileid="5" />
                <SequencePoint vc="1" uspid="34" ordinal="6" sl="34" sc="1" el="34" ec="2" bec="0" bev="0" fileid="5" />
                <SequencePoint vc="1" uspid="35" ordinal="7" sl="35" sc="1" el="35" ec="2" bec="0" bev="0" fileid="5" />
                <SequencePoint vc="1" uspid="36" ordinal="8" sl="36" sc="1" el="36" ec="2" bec="0" bev="0" fileid="5" />
              </SequencePoints>
              <BranchPoints>
                <BranchPoint vc="0" uspid="29" ordinal="0" path="0" offset="49" offsetend="51" sl="29" fileid="5" />
                <BranchPoint vc="1" uspid="29" ordinal="1" path="1" offset="49" offsetend="115" sl="29" fileid="5" />
              </BranchPoints>
              <MethodPoint vc="7" uspid="0" p8:type="SequencePoint" ordinal="1" offset="1" sc="0" sl="27" ec="1" el="36" bec="0" bev="0" fileid="5" xmlns:p8="xsi" />
            </Method>
            <Method cyclomaticComplexity="1" nPathComplexity="1" sequenceCoverage="100" branchCoverage="100" isConstructor="False" isGetter="False" isSetter="False" isStatic="True">
              <Summary numSequencePoints="4" visitedSequencePoints="4" numBranchPoints="0" visitedBranchPoints="0" sequenceCoverage="100" branchCoverage="100" maxCyclomaticComplexity="1" minCyclomaticComplexity="1" visitedClasses="0" numClasses="0" visitedMethods="1" numMethods="1" />
              <MetadataToken />
              <Name>System.Collections.Generic.List`1&lt;HealthAxis.Models.Appointment&gt; HealthAxis.Repository.Implementation.AppointmentRepository::GetAppointmentsByPatient(System.Int32)</Name>
              <FileRef uid="5" />
              <SequencePoints>
                <SequencePoint vc="1" uspid="39" ordinal="0" sl="39" sc="1" el="39" ec="2" bec="0" bev="0" fileid="5" />
                <SequencePoint vc="7" uspid="40" ordinal="1" sl="40" sc="1" el="40" ec="2" bec="0" bev="0" fileid="5" />
                <SequencePoint vc="1" uspid="41" ordinal="2" sl="41" sc="1" el="41" ec="2" bec="0" bev="0" fileid="5" />
                <SequencePoint vc="1" uspid="42" ordinal="3" sl="42" sc="1" el="42" ec="2" bec="0" bev="0" fileid="5" />
              </SequencePoints>
              <BranchPoints />
              <MethodPoint vc="4" uspid="0" p8:type="SequencePoint" ordinal="2" offset="2" sc="0" sl="39" ec="1" el="42" bec="0" bev="0" fileid="5" xmlns:p8="xsi" />
            </Method>
            <Method cyclomaticComplexity="1" nPathComplexity="1" sequenceCoverage="100" branchCoverage="100" isConstructor="True" isGetter="False" isSetter="False" isStatic="True">
              <Summary numSequencePoints="4" visitedSequencePoints="4" numBranchPoints="0" visitedBranchPoints="0" sequenceCoverage="100" branchCoverage="100" maxCyclomaticComplexity="1" minCyclomaticComplexity="1" visitedClasses="0" numClasses="0" visitedMethods="1" numMethods="1" />
              <MetadataToken />
              <Name>System.Collections.Generic.List`1&lt;HealthAxis.Models.Appointment&gt; HealthAxis.Repository.Implementation.AppointmentRepository::GetAppointmentsByDoctor(System.Int32)</Name>
              <FileRef uid="5" />
              <SequencePoints>
                <SequencePoint vc="1" uspid="45" ordinal="0" sl="45" sc="1" el="45" ec="2" bec="0" bev="0" fileid="5" />
                <SequencePoint vc="7" uspid="46" ordinal="1" sl="46" sc="1" el="46" ec="2" bec="0" bev="0" fileid="5" />
                <SequencePoint vc="1" uspid="47" ordinal="2" sl="47" sc="1" el="47" ec="2" bec="0" bev="0" fileid="5" />
                <SequencePoint vc="1" uspid="48" ordinal="3" sl="48" sc="1" el="48" ec="2" bec="0" bev="0" fileid="5" />
              </SequencePoints>
              <BranchPoints />
              <MethodPoint vc="4" uspid="0" p8:type="SequencePoint" ordinal="3" offset="3" sc="0" sl="45" ec="1" el="48" bec="0" bev="0" fileid="5" xmlns:p8="xsi" />
            </Method>
            <Method cyclomaticComplexity="1" nPathComplexity="1" sequenceCoverage="100" branchCoverage="100" isConstructor="False" isGetter="False" isSetter="False" isStatic="True">
              <Summary numSequencePoints="3" visitedSequencePoints="3" numBranchPoints="0" visitedBranchPoints="0" sequenceCoverage="100" branchCoverage="100" maxCyclomaticComplexity="1" minCyclomaticComplexity="1" visitedClasses="0" numClasses="0" visitedMethods="1" numMethods="1" />
              <MetadataToken />
              <Name>System.Collections.Generic.List`1&lt;HealthAxis.Models.Appointment&gt; HealthAxis.Repository.Implementation.AppointmentRepository::GetAllAppointments()</Name>
              <FileRef uid="5" />
              <SequencePoints>
                <SequencePoint vc="3" uspid="51" ordinal="0" sl="51" sc="1" el="51" ec="2" bec="0" bev="0" fileid="5" />
                <SequencePoint vc="7" uspid="52" ordinal="1" sl="52" sc="1" el="52" ec="2" bec="0" bev="0" fileid="5" />
                <SequencePoint vc="3" uspid="53" ordinal="2" sl="53" sc="1" el="53" ec="2" bec="0" bev="0" fileid="5" />
              </SequencePoints>
              <BranchPoints />
              <MethodPoint vc="3" uspid="0" p8:type="SequencePoint" ordinal="4" offset="4" sc="0" sl="51" ec="1" el="53" bec="0" bev="0" fileid="5" xmlns:p8="xsi" />
            </Method>
            <Method cyclomaticComplexity="1" nPathComplexity="1" sequenceCoverage="100" branchCoverage="100" isConstructor="False" isGetter="False" isSetter="False" isStatic="True">
              <Summary numSequencePoints="4" visitedSequencePoints="4" numBranchPoints="0" visitedBranchPoints="0" sequenceCoverage="100" branchCoverage="100" maxCyclomaticComplexity="1" minCyclomaticComplexity="1" visitedClasses="0" numClasses="0" visitedMethods="1" numMethods="1" />
              <MetadataToken />
              <Name>HealthAxis.Models.Appointment HealthAxis.Repository.Implementation.AppointmentRepository::GetAppointmentById(System.Int32)</Name>
              <FileRef uid="5" />
              <SequencePoints>
                <SequencePoint vc="3" uspid="56" ordinal="0" sl="56" sc="1" el="56" ec="2" bec="0" bev="0" fileid="5" />
                <SequencePoint vc="5" uspid="57" ordinal="1" sl="57" sc="1" el="57" ec="2" bec="0" bev="0" fileid="5" />
                <SequencePoint vc="3" uspid="58" ordinal="2" sl="58" sc="1" el="58" ec="2" bec="0" bev="0" fileid="5" />
                <SequencePoint vc="3" uspid="59" ordinal="3" sl="59" sc="1" el="59" ec="2" bec="0" bev="0" fileid="5" />
              </SequencePoints>
              <BranchPoints />
              <MethodPoint vc="4" uspid="0" p8:type="SequencePoint" ordinal="5" offset="5" sc="0" sl="56" ec="1" el="59" bec="0" bev="0" fileid="5" xmlns:p8="xsi" />
            </Method>
            <Method cyclomaticComplexity="8" nPathComplexity="8" sequenceCoverage="94.44" branchCoverage="62.5" isConstructor="False" isGetter="False" isSetter="False" isStatic="True">
              <Summary numSequencePoints="18" visitedSequencePoints="17" numBranchPoints="8" visitedBranchPoints="5" sequenceCoverage="94.44" branchCoverage="62.5" maxCyclomaticComplexity="8" minCyclomaticComplexity="8" visitedClasses="0" numClasses="0" visitedMethods="1" numMethods="1" />
              <MetadataToken />
              <Name>System.String HealthAxis.Repository.Implementation.AppointmentRepository::GetNextAvailableSlot(System.Int32,System.DateTime)</Name>
              <FileRef uid="5" />
              <SequencePoints>
                <SequencePoint vc="1" uspid="61" ordinal="0" sl="61" sc="1" el="61" ec="2" bec="0" bev="0" fileid="5" />
                <SequencePoint vc="1" uspid="62" ordinal="1" sl="62" sc="1" el="62" ec="2" bec="0" bev="0" fileid="5" />
                <SequencePoint vc="1" uspid="63" ordinal="2" sl="63" sc="1" el="63" ec="2" bec="0" bev="0" fileid="5" />
                <SequencePoint vc="1" uspid="64" ordinal="3" sl="64" sc="1" el="64" ec="2" bec="4" bev="2" fileid="5" />
                <SequencePoint vc="1" uspid="65" ordinal="4" sl="65" sc="1" el="65" ec="2" bec="0" bev="0" fileid="5" />
                <SequencePoint vc="1" uspid="66" ordinal="5" sl="66" sc="1" el="66" ec="2" bec="0" bev="0" fileid="5" />
                <SequencePoint vc="1" uspid="67" ordinal="6" sl="67" sc="1" el="67" ec="2" bec="0" bev="0" fileid="5" />
                <SequencePoint vc="1" uspid="68" ordinal="7" sl="68" sc="1" el="68" ec="2" bec="0" bev="0" fileid="5" />
                <SequencePoint vc="6" uspid="70" ordinal="8" sl="70" sc="1" el="70" ec="2" bec="2" bev="1" fileid="5" />
                <SequencePoint vc="2" uspid="71" ordinal="9" sl="71" sc="1" el="71" ec="2" bec="0" bev="0" fileid="5" />
                <SequencePoint vc="2" uspid="72" ordinal="10" sl="72" sc="1" el="72" ec="2" bec="0" bev="0" fileid="5" />
                <SequencePoint vc="4" uspid="73" ordinal="11" sl="73" sc="1" el="73" ec="2" bec="0" bev="0" fileid="5" />
                <SequencePoint vc="2" uspid="75" ordinal="12" sl="75" sc="1" el="75" ec="2" bec="2" bev="2" fileid="5" />
                <SequencePoint vc="1" uspid="76" ordinal="13" sl="76" sc="1" el="76" ec="2" bec="0" bev="0" fileid="5" />
                <SequencePoint vc="1" uspid="77" ordinal="14" sl="77" sc="1" el="77" ec="2" bec="0" bev="0" fileid="5" />
                <SequencePoint vc="1" uspid="79" ordinal="15" sl="79" sc="1" el="79" ec="2" bec="0" bev="0" fileid="5" />
                <SequencePoint vc="0" uspid="80" ordinal="16" sl="80" sc="1" el="80" ec="2" bec="0" bev="0" fileid="5" />
                <SequencePoint vc="1" uspid="81" ordinal="17" sl="81" sc="1" el="81" ec="2" bec="0" bev="0" fileid="5" />
              </SequencePoints>
              <BranchPoints>
                <BranchPoint vc="2" uspid="70" ordinal="3" path="1" offset="181" offsetend="111" sl="70" fileid="5" />
                <BranchPoint vc="1" uspid="75" ordinal="0" path="0" offset="160" offsetend="162" sl="75" fileid="5" />
                <BranchPoint vc="1" uspid="75" ordinal="1" path="1" offset="160" offsetend="173" sl="75" fileid="5" />
                <BranchPoint vc="0" uspid="70" ordinal="2" path="0" offset="181" offsetend="183" sl="70" fileid="5" />
                <BranchPoint vc="1" uspid="64" ordinal="0" path="0" offset="17" offsetend="19" sl="64" fileid="5" />
                <BranchPoint vc="1" uspid="64" ordinal="2" path="0" offset="49" offsetend="51" sl="64" fileid="5" />
                <BranchPoint vc="0" uspid="64" ordinal="1" path="1" offset="17" offsetend="65" sl="64" fileid="5" />
                <BranchPoint vc="0" uspid="64" ordinal="3" path="1" offset="49" offsetend="65" sl="64" fileid="5" />
              </BranchPoints>
              <MethodPoint vc="17" uspid="0" p8:type="SequencePoint" ordinal="6" offset="6" sc="0" sl="61" ec="1" el="81" bec="0" bev="0" fileid="5" xmlns:p8="xsi" />
            </Method>
            <Method cyclomaticComplexity="4" nPathComplexity="4" sequenceCoverage="100" branchCoverage="0" isConstructor="False" isGetter="False" isSetter="False" isStatic="True">
              <Summary numSequencePoints="6" visitedSequencePoints="6" numBranchPoints="4" visitedBranchPoints="0" sequenceCoverage="100" branchCoverage="0" maxCyclomaticComplexity="4" minCyclomaticComplexity="4" visitedClasses="0" numClasses="0" visitedMethods="1" numMethods="1" />
              <MetadataToken />
              <Name>System.Int32 HealthAxis.Repository.Implementation.AppointmentRepository::GetBookedSlotCount(System.Int32,System.DateTime)</Name>
              <FileRef uid="5" />
              <SequencePoints>
                <SequencePoint vc="1" uspid="84" ordinal="0" sl="84" sc="1" el="84" ec="2" bec="0" bev="0" fileid="5" />
                <SequencePoint vc="1" uspid="85" ordinal="1" sl="85" sc="1" el="85" ec="2" bec="0" bev="0" fileid="5" />
                <SequencePoint vc="1" uspid="86" ordinal="2" sl="86" sc="1" el="86" ec="2" bec="4" bev="0" fileid="5" />
                <SequencePoint vc="1" uspid="87" ordinal="3" sl="87" sc="1" el="87" ec="2" bec="0" bev="0" fileid="5" />
                <SequencePoint vc="1" uspid="88" ordinal="4" sl="88" sc="1" el="88" ec="2" bec="0" bev="0" fileid="5" />
                <SequencePoint vc="1" uspid="89" ordinal="5" sl="89" sc="1" el="89" ec="2" bec="0" bev="0" fileid="5" />
              </SequencePoints>
              <BranchPoints>
                <BranchPoint vc="0" uspid="86" ordinal="0" path="0" offset="17" offsetend="19" sl="86" fileid="5" />
                <BranchPoint vc="0" uspid="86" ordinal="2" path="0" offset="49" offsetend="51" sl="86" fileid="5" />
                <BranchPoint vc="0" uspid="86" ordinal="1" path="1" offset="17" offsetend="65" sl="86" fileid="5" />
                <BranchPoint vc="0" uspid="86" ordinal="3" path="1" offset="49" offsetend="65" sl="86" fileid="5" />
              </BranchPoints>
              <MethodPoint vc="6" uspid="0" p8:type="SequencePoint" ordinal="7" offset="7" sc="0" sl="84" ec="1" el="89" bec="0" bev="0" fileid="5" xmlns:p8="xsi" />
            </Method>
            <Method cyclomaticComplexity="4" nPathComplexity="4" sequenceCoverage="100" branchCoverage="75" isConstructor="False" isGetter="False" isSetter="False" isStatic="True">
              <Summary numSequencePoints="8" visitedSequencePoints="8" numBranchPoints="4" visitedBranchPoints="3" sequenceCoverage="100" branchCoverage="75" maxCyclomaticComplexity="4" minCyclomaticComplexity="4" visitedClasses="0" numClasses="0" visitedMethods="1" numMethods="1" />
              <MetadataToken />
              <Name>System.Void HealthAxis.Repository.Implementation.AppointmentRepository::Remove(HealthAxis.Models.Appointment)</Name>
              <FileRef uid="5" />
              <SequencePoints>
                <SequencePoint vc="1" uspid="92" ordinal="0" sl="92" sc="1" el="92" ec="2" bec="0" bev="0" fileid="5" />
                <SequencePoint vc="1" uspid="93" ordinal="1" sl="93" sc="1" el="93" ec="2" bec="2" bev="2" fileid="5" />
                <SequencePoint vc="1" uspid="95" ordinal="2" sl="95" sc="1" el="95" ec="2" bec="0" bev="0" fileid="5" />
                <SequencePoint vc="1" uspid="96" ordinal="3" sl="96" sc="1" el="96" ec="2" bec="2" bev="1" fileid="5" />
                <SequencePoint vc="1" uspid="97" ordinal="4" sl="97" sc="1" el="97" ec="2" bec="0" bev="0" fileid="5" />
                <SequencePoint vc="2" uspid="98" ordinal="5" sl="98" sc="1" el="98" ec="2" bec="0" bev="0" fileid="5" />
                <SequencePoint vc="1" uspid="99" ordinal="6" sl="99" sc="1" el="99" ec="2" bec="0" bev="0" fileid="5" />
                <SequencePoint vc="1" uspid="100" ordinal="7" sl="100" sc="1" el="100" ec="2" bec="0" bev="0" fileid="5" />
              </SequencePoints>
              <BranchPoints>
                <BranchPoint vc="1" uspid="93" ordinal="1" path="1" offset="25" offsetend="29" sl="93" fileid="5" />
                <BranchPoint vc="1" uspid="96" ordinal="2" path="0" offset="68" offsetend="70" sl="96" fileid="5" />
                <BranchPoint vc="1" uspid="93" ordinal="0" path="0" offset="25" offsetend="106" sl="93" fileid="5" />
                <BranchPoint vc="0" uspid="96" ordinal="3" path="1" offset="68" offsetend="106" sl="96" fileid="5" />
              </BranchPoints>
              <MethodPoint vc="8" uspid="0" p8:type="SequencePoint" ordinal="8" offset="8" sc="0" sl="92" ec="1" el="100" bec="0" bev="0" fileid="5" xmlns:p8="xsi" />
            </Method>
            <Method cyclomaticComplexity="6" nPathComplexity="6" sequenceCoverage="100" branchCoverage="50" isConstructor="False" isGetter="False" isSetter="False" isStatic="True">
              <Summary numSequencePoints="7" visitedSequencePoints="7" numBranchPoints="6" visitedBranchPoints="3" sequenceCoverage="100" branchCoverage="50" maxCyclomaticComplexity="6" minCyclomaticComplexity="6" visitedClasses="0" numClasses="0" visitedMethods="1" numMethods="1" />
              <MetadataToken />
              <Name>System.Boolean HealthAxis.Repository.Implementation.AppointmentRepository::PatientHasAppointmentAt(System.Int32,System.DateTime,System.String)</Name>
              <FileRef uid="5" />
              <SequencePoints>
                <SequencePoint vc="1" uspid="102" ordinal="0" sl="102" sc="1" el="102" ec="2" bec="0" bev="0" fileid="5" />
                <SequencePoint vc="1" uspid="103" ordinal="1" sl="103" sc="1" el="103" ec="2" bec="0" bev="0" fileid="5" />
                <SequencePoint vc="2" uspid="104" ordinal="2" sl="104" sc="1" el="104" ec="2" bec="6" bev="3" fileid="5" />
                <SequencePoint vc="2" uspid="105" ordinal="3" sl="105" sc="1" el="105" ec="2" bec="0" bev="0" fileid="5" />
                <SequencePoint vc="2" uspid="106" ordinal="4" sl="106" sc="1" el="106" ec="2" bec="0" bev="0" fileid="5" />
                <SequencePoint vc="2" uspid="107" ordinal="5" sl="107" sc="1" el="107" ec="2" bec="0" bev="0" fileid="5" />
                <SequencePoint vc="1" uspid="108" ordinal="6" sl="108" sc="1" el="108" ec="2" bec="0" bev="0" fileid="5" />
              </SequencePoints>
              <BranchPoints>
                <BranchPoint vc="1" uspid="104" ordinal="0" path="0" offset="17" offsetend="19" sl="104" fileid="5" />
                <BranchPoint vc="1" uspid="104" ordinal="2" path="0" offset="49" offsetend="51" sl="104" fileid="5" />
                <BranchPoint vc="1" uspid="104" ordinal="4" path="0" offset="69" offsetend="71" sl="104" fileid="5" />
                <BranchPoint vc="0" uspid="104" ordinal="1" path="1" offset="17" offsetend="85" sl="104" fileid="5" />
                <BranchPoint vc="0" uspid="104" ordinal="3" path="1" offset="49" offsetend="85" sl="104" fileid="5" />
                <BranchPoint vc="0" uspid="104" ordinal="5" path="1" offset="69" offsetend="85" sl="104" fileid="5" />
              </BranchPoints>
              <MethodPoint vc="7" uspid="0" p8:type="SequencePoint" ordinal="9" offset="9" sc="0" sl="102" ec="1" el="108" bec="0" bev="0" fileid="5" xmlns:p8="xsi" />
            </Method>
            <Method cyclomaticComplexity="14" nPathComplexity="14" sequenceCoverage="95.45" branchCoverage="64.28" isConstructor="False" isGetter="False" isSetter="False" isStatic="True">
              <Summary numSequencePoints="22" visitedSequencePoints="21" numBranchPoints="14" visitedBranchPoints="9" sequenceCoverage="95.45" branchCoverage="64.28" maxCyclomaticComplexity="14" minCyclomaticComplexity="14" visitedClasses="0" numClasses="0" visitedMethods="1" numMethods="1" />
              <MetadataToken />
              <Name>System.String HealthAxis.Repository.Implementation.AppointmentRepository::GetNextAvailableSlotAvoidingPatientConflicts(System.Int32,System.DateTime,System.Int32)</Name>
              <FileRef uid="5" />
              <SequencePoints>
                <SequencePoint vc="1" uspid="111" ordinal="0" sl="111" sc="1" el="111" ec="2" bec="0" bev="0" fileid="5" />
                <SequencePoint vc="1" uspid="112" ordinal="1" sl="112" sc="1" el="112" ec="2" bec="0" bev="0" fileid="5" />
                <SequencePoint vc="1" uspid="113" ordinal="2" sl="113" sc="1" el="113" ec="2" bec="0" bev="0" fileid="5" />
                <SequencePoint vc="1" uspid="114" ordinal="3" sl="114" sc="1" el="114" ec="2" bec="4" bev="2" fileid="5" />
                <SequencePoint vc="1" uspid="115" ordinal="4" sl="115" sc="1" el="115" ec="2" bec="0" bev="0" fileid="5" />
                <SequencePoint vc="1" uspid="116" ordinal="5" sl="116" sc="1" el="116" ec="2" bec="0" bev="0" fileid="5" />
                <SequencePoint vc="1" uspid="117" ordinal="6" sl="117" sc="1" el="117" ec="2" bec="0" bev="0" fileid="5" />
                <SequencePoint vc="1" uspid="118" ordinal="7" sl="118" sc="1" el="118" ec="2" bec="0" bev="0" fileid="5" />
                <SequencePoint vc="1" uspid="120" ordinal="8" sl="120" sc="1" el="120" ec="2" bec="0" bev="0" fileid="5" />
                <SequencePoint vc="1" uspid="121" ordinal="9" sl="121" sc="1" el="121" ec="2" bec="0" bev="0" fileid="5" />
                <SequencePoint vc="1" uspid="122" ordinal="10" sl="122" sc="1" el="122" ec="2" bec="4" bev="2" fileid="5" />
                <SequencePoint vc="1" uspid="123" ordinal="11" sl="123" sc="1" el="123" ec="2" bec="0" bev="0" fileid="5" />
                <SequencePoint vc="1" uspid="124" ordinal="12" sl="124" sc="1" el="124" ec="2" bec="0" bev="0" fileid="5" />
                <SequencePoint vc="1" uspid="125" ordinal="13" sl="125" sc="1" el="125" ec="2" bec="0" bev="0" fileid="5" />
                <SequencePoint vc="1" uspid="126" ordinal="14" sl="126" sc="1" el="126" ec="2" bec="0" bev="0" fileid="5" />
                <SequencePoint vc="6" uspid="128" ordinal="15" sl="128" sc="1" el="128" ec="2" bec="2" bev="1" fileid="5" />
                <SequencePoint vc="2" uspid="129" ordinal="16" sl="129" sc="1" el="129" ec="2" bec="0" bev="0" fileid="5" />
                <SequencePoint vc="3" uspid="130" ordinal="17" sl="130" sc="1" el="130" ec="2" bec="2" bev="2" fileid="5" />
                <SequencePoint vc="1" uspid="131" ordinal="18" sl="131" sc="1" el="131" ec="2" bec="2" bev="2" fileid="5" />
                <SequencePoint vc="1" uspid="132" ordinal="19" sl="132" sc="1" el="132" ec="2" bec="0" bev="0" fileid="5" />
                <SequencePoint vc="0" uspid="135" ordinal="20" sl="135" sc="1" el="135" ec="2" bec="0" bev="0" fileid="5" />
                <SequencePoint vc="1" uspid="136" ordinal="21" sl="136" sc="1" el="136" ec="2" bec="0" bev="0" fileid="5" />
              </SequencePoints>
              <BranchPoints>
                <BranchPoint vc="2" uspid="128" ordinal="5" path="1" offset="253" offsetend="198" sl="128" fileid="5" />
                <BranchPoint vc="1" uspid="130" ordinal="1" path="1" offset="220" offsetend="224" sl="130" fileid="5" />
                <BranchPoint vc="1" uspid="131" ordinal="3" path="1" offset="236" offsetend="240" sl="131" fileid="5" />
                <BranchPoint vc="2" uspid="130" ordinal="0" path="0" offset="220" offsetend="246" sl="130" fileid="5" />
                <BranchPoint vc="2" uspid="131" ordinal="2" path="0" offset="236" offsetend="246" sl="131" fileid="5" />
                <BranchPoint vc="0" uspid="128" ordinal="4" path="0" offset="253" offsetend="255" sl="128" fileid="5" />
                <BranchPoint vc="1" uspid="114" ordinal="0" path="0" offset="17" offsetend="19" sl="114" fileid="5" />
                <BranchPoint vc="1" uspid="114" ordinal="2" path="0" offset="49" offsetend="51" sl="114" fileid="5" />
                <BranchPoint vc="0" uspid="114" ordinal="1" path="1" offset="17" offsetend="65" sl="114" fileid="5" />
                <BranchPoint vc="0" uspid="114" ordinal="3" path="1" offset="49" offsetend="65" sl="114" fileid="5" />
                <BranchPoint vc="1" uspid="122" ordinal="0" path="0" offset="17" offsetend="19" sl="122" fileid="5" />
                <BranchPoint vc="1" uspid="122" ordinal="2" path="0" offset="49" offsetend="51" sl="122" fileid="5" />
                <BranchPoint vc="0" uspid="122" ordinal="1" path="1" offset="17" offsetend="65" sl="122" fileid="5" />
                <BranchPoint vc="0" uspid="122" ordinal="3" path="1" offset="49" offsetend="65" sl="122" fileid="5" />
              </BranchPoints>
              <MethodPoint vc="21" uspid="0" p8:type="SequencePoint" ordinal="10" offset="10" sc="0" sl="111" ec="1" el="136" bec="0" bev="0" fileid="5" xmlns:p8="xsi" />
            </Method>
            <Method cyclomaticComplexity="1" nPathComplexity="1" sequenceCoverage="100" branchCoverage="100" isConstructor="True" isGetter="False" isSetter="False" isStatic="True">
              <Summary numSequencePoints="4" visitedSequencePoints="4" numBranchPoints="0" visitedBranchPoints="0" sequenceCoverage="100" branchCoverage="100" maxCyclomaticComplexity="1" minCyclomaticComplexity="1" visitedClasses="0" numClasses="0" visitedMethods="1" numMethods="1" />
              <MetadataToken />
              <Name>System.Void HealthAxis.Repository.Implementation.AppointmentRepository::.ctor(HealthAxis.Data.Database)</Name>
              <FileRef uid="5" />
              <SequencePoints>
                <SequencePoint vc="13" uspid="13" ordinal="0" sl="13" sc="1" el="13" ec="2" bec="0" bev="0" fileid="5" />
                <SequencePoint vc="13" uspid="14" ordinal="1" sl="14" sc="1" el="14" ec="2" bec="0" bev="0" fileid="5" />
                <SequencePoint vc="13" uspid="15" ordinal="2" sl="15" sc="1" el="15" ec="2" bec="0" bev="0" fileid="5" />
                <SequencePoint vc="13" uspid="16" ordinal="3" sl="16" sc="1" el="16" ec="2" bec="0" bev="0" fileid="5" />
              </SequencePoints>
              <BranchPoints />
              <MethodPoint vc="4" uspid="0" p8:type="SequencePoint" ordinal="11" offset="11" sc="0" sl="13" ec="1" el="16" bec="0" bev="0" fileid="5" xmlns:p8="xsi" />
            </Method>
          </Methods>
        </Class>
        <Class>
[...]
                <SequencePoint vc="27" uspid="78" ordinal="3" sl="78" sc="1" el="78" ec="2" bec="0" bev="0" fileid="22" />
                <SequencePoint vc="27" uspid="79" ordinal="4" sl="79" sc="1" el="79" ec="2" bec="0" bev="0" fileid="22" />
                <SequencePoint vc="27" uspid="80" ordinal="5" sl="80" sc="1" el="80" ec="2" bec="0" bev="0" fileid="22" />
                <SequencePoint vc="27" uspid="81" ordinal="6" sl="81" sc="1" el="81" ec="2" bec="0" bev="0" fileid="22" />
                <SequencePoint vc="27" uspid="82" ordinal="7" sl="82" sc="1" el="82" ec="2" bec="0" bev="0" fileid="22" />
                <SequencePoint vc="27" uspid="83" ordinal="8" sl="83" sc="1" el="83" ec="2" bec="0" bev="0" fileid="22" />
                <SequencePoint vc="27" uspid="84" ordinal="9" sl="84" sc="1" el="84" ec="2" bec="0" bev="0" fileid="22" />
                <SequencePoint vc="27" uspid="85" ordinal="10" sl="85" sc="1" el="85" ec="2" bec="0" bev="0" fileid="22" />
                <SequencePoint vc="27" uspid="86" ordinal="11" sl="86" sc="1" el="86" ec="2" bec="0" bev="0" fileid="22" />
                <SequencePoint vc="27" uspid="87" ordinal="12" sl="87" sc="1" el="87" ec="2" bec="0" bev="0" fileid="22" />
                <SequencePoint vc="27" uspid="88" ordinal="13" sl="88" sc="1" el="88" ec="2" bec="0" bev="0" fileid="22" />
                <SequencePoint vc="27" uspid="89" ordinal="14" sl="89" sc="1" el="89" ec="2" bec="0" bev="0" fileid="22" />
                <SequencePoint vc="27" uspid="90" ordinal="15" sl="90" sc="1" el="90" ec="2" bec="0" bev="0" fileid="22" />
                <SequencePoint vc="27" uspid="91" ordinal="16" sl="91" sc="1" el="91" ec="2" bec="0" bev="0" fileid="22" />
                <SequencePoint vc="27" uspid="92" ordinal="17" sl="92" sc="1" el="92" ec="2" bec="0" bev="0" fileid="22" />
                <SequencePoint vc="27" uspid="93" ordinal="18" sl="93" sc="1" el="93" ec="2" bec="0" bev="0" fileid="22" />
                <SequencePoint vc="27" uspid="94" ordinal="19" sl="94" sc="1" el="94" ec="2" bec="0" bev="0" fileid="22" />
                <SequencePoint vc="27" uspid="95" ordinal="20" sl="95" sc="1" el="95" ec="2" bec="0" bev="0" fileid="22" />
                <SequencePoint vc="27" uspid="96" ordinal="21" sl="96" sc="1" el="96" ec="2" bec="0" bev="0" fileid="22" />
                <SequencePoint vc="27" uspid="97" ordinal="22" sl="97" sc="1" el="97" ec="2" bec="0" bev="0" fileid="22" />
                <SequencePoint vc="27" uspid="98" ordinal="23" sl="98" sc="1" el="98" ec="2" bec="0" bev="0" fileid="22" />
                <SequencePoint vc="27" uspid="99" ordinal="24" sl="99" sc="1" el="99" ec="2" bec="0" bev="0" fileid="22" />
                <SequencePoint vc="27" uspid="100" ordinal="25" sl="100" sc="1" el="100" ec="2" bec="0" bev="0" fileid="22" />
                <SequencePoint vc="27" uspid="101" ordinal="26" sl="101" sc="1" el="101" ec="2" bec="0" bev="0" fileid="22" />
                <SequencePoint vc="27" uspid="102" ordinal="27" sl="102" sc="1" el="102" ec="2" bec="0" bev="0" fileid="22" />
                <SequencePoint vc="27" uspid="103" ordinal="28" sl="103" sc="1" el="103" ec="2" bec="0" bev="0" fileid="22" />
                <SequencePoint vc="27" uspid="104" ordinal="29" sl="104" sc="1" el="104" ec="2" bec="0" bev="0" fileid="22" />
                <SequencePoint vc="27" uspid="105" ordinal="30" sl="105" sc="1" el="105" ec="2" bec="0" bev="0" fileid="22" />
                <SequencePoint vc="27" uspid="106" ordinal="31" sl="106" sc="1" el="106" ec="2" bec="0" bev="0" fileid="22" />
                <SequencePoint vc="27" uspid="107" ordinal="32" sl="107" sc="1" el="107" ec="2" bec="0" bev="0" fileid="22" />
                <SequencePoint vc="27" uspid="108" ordinal="33" sl="108" sc="1" el="108" ec="2" bec="0" bev="0" fileid="22" />
                <SequencePoint vc="27" uspid="109" ordinal="34" sl="109" sc="1" el="109" ec="2" bec="0" bev="0" fileid="22" />
                <SequencePoint vc="27" uspid="110" ordinal="35" sl="110" sc="1" el="110" ec="2" bec="0" bev="0" fileid="22" />
                <SequencePoint vc="27" uspid="111" ordinal="36" sl="111" sc="1" el="111" ec="2" bec="0" bev="0" fileid="22" />
                <SequencePoint vc="27" uspid="112" ordinal="37" sl="112" sc="1" el="112" ec="2" bec="0" bev="0" fileid="22" />
                <SequencePoint vc="27" uspid="113" ordinal="38" sl="113" sc="1" el="113" ec="2" bec="0" bev="0" fileid="22" />
                <SequencePoint vc="27" uspid="114" ordinal="39" sl="114" sc="1" el="114" ec="2" bec="0" bev="0" fileid="22" />
                <SequencePoint vc="27" uspid="115" ordinal="40" sl="115" sc="1" el="115" ec="2" bec="0" bev="0" fileid="22" />
                <SequencePoint vc="27" uspid="116" ordinal="41" sl="116" sc="1" el="116" ec="2" bec="0" bev="0" fileid="22" />
                <SequencePoint vc="27" uspid="117" ordinal="42" sl="117" sc="1" el="117" ec="2" bec="0" bev="0" fileid="22" />
                <SequencePoint vc="27" uspid="118" ordinal="43" sl="118" sc="1" el="118" ec="2" bec="0" bev="0" fileid="22" />
                <SequencePoint vc="27" uspid="119" ordinal="44" sl="119" sc="1" el="119" ec="2" bec="0" bev="0" fileid="22" />
                <SequencePoint vc="27" uspid="120" ordinal="45" sl="120" sc="1" el="120" ec="2" bec="0" bev="0" fileid="22" />
                <SequencePoint vc="27" uspid="121" ordinal="46" sl="121" sc="1" el="121" ec="2" bec="0" bev="0" fileid="22" />
                <SequencePoint vc="27" uspid="122" ordinal="47" sl="122" sc="1" el="122" ec="2" bec="0" bev="0" fileid="22" />
                <SequencePoint vc="27" uspid="123" ordinal="48" sl="123" sc="1" el="123" ec="2" bec="0" bev="0" fileid="22" />
                <SequencePoint vc="27" uspid="124" ordinal="49" sl="124" sc="1" el="124" ec="2" bec="0" bev="0" fileid="22" />
                <SequencePoint vc="27" uspid="125" ordinal="50" sl="125" sc="1" el="125" ec="2" bec="0" bev="0" fileid="22" />
                <SequencePoint vc="27" uspid="126" ordinal="51" sl="126" sc="1" el="126" ec="2" bec="0" bev="0" fileid="22" />
                <SequencePoint vc="27" uspid="127" ordinal="52" sl="127" sc="1" el="127" ec="2" bec="0" bev="0" fileid="22" />
                <SequencePoint vc="27" uspid="128" ordinal="53" sl="128" sc="1" el="128" ec="2" bec="0" bev="0" fileid="22" />
                <SequencePoint vc="27" uspid="129" ordinal="54" sl="129" sc="1" el="129" ec="2" bec="0" bev="0" fileid="22" />
                <SequencePoint vc="27" uspid="130" ordinal="55" sl="130" sc="1" el="130" ec="2" bec="0" bev="0" fileid="22" />
                <SequencePoint vc="27" uspid="131" ordinal="56" sl="131" sc="1" el="131" ec="2" bec="0" bev="0" fileid="22" />
                <SequencePoint vc="27" uspid="132" ordinal="57" sl="132" sc="1" el="132" ec="2" bec="0" bev="0" fileid="22" />
                <SequencePoint vc="27" uspid="133" ordinal="58" sl="133" sc="1" el="133" ec="2" bec="0" bev="0" fileid="22" />
                <SequencePoint vc="27" uspid="135" ordinal="59" sl="135" sc="1" el="135" ec="2" bec="0" bev="0" fileid="22" />
                <SequencePoint vc="27" uspid="136" ordinal="60" sl="136" sc="1" el="136" ec="2" bec="0" bev="0" fileid="22" />
                <SequencePoint vc="27" uspid="137" ordinal="61" sl="137" sc="1" el="137" ec="2" bec="0" bev="0" fileid="22" />
                <SequencePoint vc="27" uspid="138" ordinal="62" sl="138" sc="1" el="138" ec="2" bec="0" bev="0" fileid="22" />
                <SequencePoint vc="27" uspid="139" ordinal="63" sl="139" sc="1" el="139" ec="2" bec="0" bev="0" fileid="22" />
                <SequencePoint vc="27" uspid="140" ordinal="64" sl="140" sc="1" el="140" ec="2" bec="0" bev="0" fileid="22" />
                <SequencePoint vc="27" uspid="141" ordinal="65" sl="141" sc="1" el="141" ec="2" bec="0" bev="0" fileid="22" />
                <SequencePoint vc="27" uspid="142" ordinal="66" sl="142" sc="1" el="142" ec="2" bec="0" bev="0" fileid="22" />
                <SequencePoint vc="27" uspid="143" ordinal="67" sl="143" sc="1" el="143" ec="2" bec="0" bev="0" fileid="22" />
                <SequencePoint vc="27" uspid="144" ordinal="68" sl="144" sc="1" el="144" ec="2" bec="0" bev="0" fileid="22" />
                <SequencePoint vc="27" uspid="145" ordinal="69" sl="145" sc="1" el="145" ec="2" bec="0" bev="0" fileid="22" />
                <SequencePoint vc="27" uspid="146" ordinal="70" sl="146" sc="1" el="146" ec="2" bec="0" bev="0" fileid="22" />
                <SequencePoint vc="27" uspid="147" ordinal="71" sl="147" sc="1" el="147" ec="2" bec="0" bev="0" fileid="22" />
                <SequencePoint vc="27" uspid="148" ordinal="72" sl="148" sc="1" el="148" ec="2" bec="0" bev="0" fileid="22" />
                <SequencePoint vc="27" uspid="149" ordinal="73" sl="149" sc="1" el="149" ec="2" bec="0" bev="0" fileid="22" />
                <SequencePoint vc="27" uspid="150" ordinal="74" sl="150" sc="1" el="150" ec="2" bec="0" bev="0" fileid="22" />
                <SequencePoint vc="27" uspid="151" ordinal="75" sl="151" sc="1" el="151" ec="2" bec="0" bev="0" fileid="22" />
                <SequencePoint vc="27" uspid="152" ordinal="76" sl="152" sc="1" el="152" ec="2" bec="0" bev="0" fileid="22" />
                <SequencePoint vc="27" uspid="153" ordinal="77" sl="153" sc="1" el="153" ec="2" bec="0" bev="0" fileid="22" />
                <SequencePoint vc="27" uspid="154" ordinal="78" sl="154" sc="1" el="154" ec="2" bec="0" bev="0" fileid="22" />
                <SequencePoint vc="27" uspid="155" ordinal="79" sl="155" sc="1" el="155" ec="2" bec="0" bev="0" fileid="22" />
                <SequencePoint vc="27" uspid="156" ordinal="80" sl="156" sc="1" el="156" ec="2" bec="0" bev="0" fileid="22" />
                <SequencePoint vc="27" uspid="157" ordinal="81" sl="157" sc="1" el="157" ec="2" bec="0" bev="0" fileid="22" />
                <SequencePoint vc="27" uspid="158" ordinal="82" sl="158" sc="1" el="158" ec="2" bec="0" bev="0" fileid="22" />
                <SequencePoint vc="27" uspid="159" ordinal="83" sl="159" sc="1" el="159" ec="2" bec="0" bev="0" fileid="22" />
                <SequencePoint vc="27" uspid="160" ordinal="84" sl="160" sc="1" el="160" ec="2" bec="0" bev="0" fileid="22" />
                <SequencePoint vc="27" uspid="161" ordinal="85" sl="161" sc="1" el="161" ec="2" bec="0" bev="0" fileid="22" />
                <SequencePoint vc="27" uspid="162" ordinal="86" sl="162" sc="1" el="162" ec="2" bec="0" bev="0" fileid="22" />
                <SequencePoint vc="27" uspid="163" ordinal="87" sl="163" sc="1" el="163" ec="2" bec="0" bev="0" fileid="22" />
                <SequencePoint vc="27" uspid="164" ordinal="88" sl="164" sc="1" el="164" ec="2" bec="0" bev="0" fileid="22" />
                <SequencePoint vc="27" uspid="165" ordinal="89" sl="165" sc="1" el="165" ec="2" bec="0" bev="0" fileid="22" />
                <SequencePoint vc="27" uspid="166" ordinal="90" sl="166" sc="1" el="166" ec="2" bec="0" bev="0" fileid="22" />
                <SequencePoint vc="27" uspid="167" ordinal="91" sl="167" sc="1" el="167" ec="2" bec="0" bev="0" fileid="22" />
                <SequencePoint vc="27" uspid="168" ordinal="92" sl="168" sc="1" el="168" ec="2" bec="0" bev="0" fileid="22" />
                <SequencePoint vc="27" uspid="169" ordinal="93" sl="169" sc="1" el="169" ec="2" bec="0" bev="0" fileid="22" />
                <SequencePoint vc="27" uspid="170" ordinal="94" sl="170" sc="1" el="170" ec="2" bec="0" bev="0" fileid="22" />
                <SequencePoint vc="27" uspid="171" ordinal="95" sl="171" sc="1" el="171" ec="2" bec="0" bev="0" fileid="22" />
                <SequencePoint vc="27" uspid="172" ordinal="96" sl="172" sc="1" el="172" ec="2" bec="0" bev="0" fileid="22" />
                <SequencePoint vc="27" uspid="173" ordinal="97" sl="173" sc="1" el="173" ec="2" bec="0" bev="0" fileid="22" />
                <SequencePoint vc="27" uspid="174" ordinal="98" sl="174" sc="1" el="174" ec="2" bec="0" bev="0" fileid="22" />
                <SequencePoint vc="27" uspid="175" ordinal="99" sl="175" sc="1" el="175" ec="2" bec="0" bev="0" fileid="22" />
                <SequencePoint vc="27" uspid="176" ordinal="100" sl="176" sc="1" el="176" ec="2" bec="0" bev="0" fileid="22" />
                <SequencePoint vc="27" uspid="177" ordinal="101" sl="177" sc="1" el="177" ec="2" bec="0" bev="0" fileid="22" />
                <SequencePoint vc="27" uspid="178" ordinal="102" sl="178" sc="1" el="178" ec="2" bec="0" bev="0" fileid="22" />
                <SequencePoint vc="27" uspid="179" ordinal="103" sl="179" sc="1" el="179" ec="2" bec="0" bev="0" fileid="22" />
                <SequencePoint vc="27" uspid="180" ordinal="104" sl="180" sc="1" el="180" ec="2" bec="0" bev="0" fileid="22" />
                <SequencePoint vc="27" uspid="181" ordinal="105" sl="181" sc="1" el="181" ec="2" bec="0" bev="0" fileid="22" />
                <SequencePoint vc="27" uspid="182" ordinal="106" sl="182" sc="1" el="182" ec="2" bec="0" bev="0" fileid="22" />
                <SequencePoint vc="27" uspid="183" ordinal="107" sl="183" sc="1" el="183" ec="2" bec="0" bev="0" fileid="22" />
                <SequencePoint vc="27" uspid="184" ordinal="108" sl="184" sc="1" el="184" ec="2" bec="0" bev="0" fileid="22" />
                <SequencePoint vc="27" uspid="185" ordinal="109" sl="185" sc="1" el="185" ec="2" bec="0" bev="0" fileid="22" />
                <SequencePoint vc="27" uspid="186" ordinal="110" sl="186" sc="1" el="186" ec="2" bec="0" bev="0" fileid="22" />
                <SequencePoint vc="27" uspid="187" ordinal="111" sl="187" sc="1" el="187" ec="2" bec="0" bev="0" fileid="22" />
                <SequencePoint vc="27" uspid="188" ordinal="112" sl="188" sc="1" el="188" ec="2" bec="0" bev="0" fileid="22" />
                <SequencePoint vc="27" uspid="189" ordinal="113" sl="189" sc="1" el="189" ec="2" bec="0" bev="0" fileid="22" />
                <SequencePoint vc="27" uspid="190" ordinal="114" sl="190" sc="1" el="190" ec="2" bec="0" bev="0" fileid="22" />
                <SequencePoint vc="27" uspid="191" ordinal="115" sl="191" sc="1" el="191" ec="2" bec="0" bev="0" fileid="22" />
                <SequencePoint vc="27" uspid="192" ordinal="116" sl="192" sc="1" el="192" ec="2" bec="0" bev="0" fileid="22" />
                <SequencePoint vc="27" uspid="193" ordinal="117" sl="193" sc="1" el="193" ec="2" bec="0" bev="0" fileid="22" />
                <SequencePoint vc="27" uspid="194" ordinal="118" sl="194" sc="1" el="194" ec="2" bec="0" bev="0" fileid="22" />
                <SequencePoint vc="27" uspid="195" ordinal="119" sl="195" sc="1" el="195" ec="2" bec="0" bev="0" fileid="22" />
                <SequencePoint vc="27" uspid="196" ordinal="120" sl="196" sc="1" el="196" ec="2" bec="0" bev="0" fileid="22" />
                <SequencePoint vc="27" uspid="197" ordinal="121" sl="197" sc="1" el="197" ec="2" bec="0" bev="0" fileid="22" />
                <SequencePoint vc="27" uspid="198" ordinal="122" sl="198" sc="1" el="198" ec="2" bec="0" bev="0" fileid="22" />
                <SequencePoint vc="27" uspid="199" ordinal="123" sl="199" sc="1" el="199" ec="2" bec="0" bev="0" fileid="22" />
                <SequencePoint vc="27" uspid="200" ordinal="124" sl="200" sc="1" el="200" ec="2" bec="0" bev="0" fileid="22" />
                <SequencePoint vc="27" uspid="201" ordinal="125" sl="201" sc="1" el="201" ec="2" bec="0" bev="0" fileid="22" />
                <SequencePoint vc="27" uspid="202" ordinal="126" sl="202" sc="1" el="202" ec="2" bec="0" bev="0" fileid="22" />
                <SequencePoint vc="27" uspid="203" ordinal="127" sl="203" sc="1" el="203" ec="2" bec="0" bev="0" fileid="22" />
                <SequencePoint vc="27" uspid="204" ordinal="128" sl="204" sc="1" el="204" ec="2" bec="0" bev="0" fileid="22" />
                <SequencePoint vc="27" uspid="205" ordinal="129" sl="205" sc="1" el="205" ec="2" bec="0" bev="0" fileid="22" />
                <SequencePoint vc="27" uspid="206" ordinal="130" sl="206" sc="1" el="206" ec="2" bec="0" bev="0" fileid="22" />
                <SequencePoint vc="27" uspid="207" ordinal="131" sl="207" sc="1" el="207" ec="2" bec="0" bev="0" fileid="22" />
                <SequencePoint vc="27" uspid="208" ordinal="132" sl="208" sc="1" el="208" ec="2" bec="0" bev="0" fileid="22" />
                <SequencePoint vc="27" uspid="209" ordinal="133" sl="209" sc="1" el="209" ec="2" bec="0" bev="0" fileid="22" />
                <SequencePoint vc="27" uspid="210" ordinal="134" sl="210" sc="1" el="210" ec="2" bec="0" bev="0" fileid="22" />
              </SequencePoints>
              <BranchPoints />
              <MethodPoint vc="135" uspid="0" p8:type="SequencePoint" ordinal="11" offset="11" sc="0" sl="75" ec="1" el="210" bec="0" bev="0" fileid="22" xmlns:p8="xsi" />
            </Method>
            <Method cyclomaticComplexity="1" nPathComplexity="1" sequenceCoverage="100" branchCoverage="100" isConstructor="True" isGetter="False" isSetter="False" isStatic="True">
              <Summary numSequencePoints="16" visitedSequencePoints="16" numBranchPoints="0" visitedBranchPoints="0" sequenceCoverage="100" branchCoverage="100" maxCyclomaticComplexity="1" minCyclomaticComplexity="1" visitedClasses="0" numClasses="0" visitedMethods="1" numMethods="1" />
              <MetadataToken />
              <Name>System.Void HealthAxis.Data.Database::.ctor()</Name>
              <FileRef uid="22" />
              <SequencePoints>
                <SequencePoint vc="27" uspid="15" ordinal="0" sl="15" sc="1" el="15" ec="2" bec="0" bev="0" fileid="22" />
                <SequencePoint vc="27" uspid="16" ordinal="1" sl="16" sc="1" el="16" ec="2" bec="0" bev="0" fileid="22" />
                <SequencePoint vc="27" uspid="17" ordinal="2" sl="17" sc="1" el="17" ec="2" bec="0" bev="0" fileid="22" />
                <SequencePoint vc="27" uspid="18" ordinal="3" sl="18" sc="1" el="18" ec="2" bec="0" bev="0" fileid="22" />
                <SequencePoint vc="27" uspid="19" ordinal="4" sl="19" sc="1" el="19" ec="2" bec="0" bev="0" fileid="22" />
                <SequencePoint vc="27" uspid="22" ordinal="5" sl="22" sc="1" el="22" ec="2" bec="0" bev="0" fileid="22" />
                <SequencePoint vc="27" uspid="23" ordinal="6" sl="23" sc="1" el="23" ec="2" bec="0" bev="0" fileid="22" />
                <SequencePoint vc="27" uspid="24" ordinal="7" sl="24" sc="1" el="24" ec="2" bec="0" bev="0" fileid="22" />
                <SequencePoint vc="27" uspid="25" ordinal="8" sl="25" sc="1" el="25" ec="2" bec="0" bev="0" fileid="22" />
                <SequencePoint vc="27" uspid="26" ordinal="9" sl="26" sc="1" el="26" ec="2" bec="0" bev="0" fileid="22" />
                <SequencePoint vc="27" uspid="27" ordinal="10" sl="27" sc="1" el="27" ec="2" bec="0" bev="0" fileid="22" />
                <SequencePoint vc="27" uspid="28" ordinal="11" sl="28" sc="1" el="28" ec="2" bec="0" bev="0" fileid="22" />
                <SequencePoint vc="27" uspid="30" ordinal="12" sl="30" sc="1" el="30" ec="2" bec="0" bev="0" fileid="22" />
                <SequencePoint vc="27" uspid="31" ordinal="13" sl="31" sc="1" el="31" ec="2" bec="0" bev="0" fileid="22" />
                <SequencePoint vc="27" uspid="32" ordinal="14" sl="32" sc="1" el="32" ec="2" bec="0" bev="0" fileid="22" />
                <SequencePoint vc="27" uspid="33" ordinal="15" sl="33" sc="1" el="33" ec="2" bec="0" bev="0" fileid="22" />
              </SequencePoints>
              <BranchPoints />
              <MethodPoint vc="16" uspid="0" p8:type="SequencePoint" ordinal="12" offset="12" sc="0" sl="15" ec="1" el="33" bec="0" bev="0" fileid="22" xmlns:p8="xsi" />
            </Method>
          </Methods>
        </Class>
      </Classes>
    </Module>
  </Modules>
</CoverageSession>